[0.020s] Invoking command in '/home/maryammahmood/own_urdf_control/build/gazebo_1_sim': CMAKE_PREFIX_PATH=${CMAKE_PREFIX_PATH}:/home/maryammahmood/ws_moveit2/install/moveit_configs_utils:/home/maryammahmood/ws_moveit2/install/launch_param_builder:/opt/ros/humble /usr/bin/cmake --build /home/maryammahmood/own_urdf_control/build/gazebo_1_sim -- -j24 -l24
[0.081s] [100%] Built target joint_publisher
[0.091s] Invoked command in '/home/maryammahmood/own_urdf_control/build/gazebo_1_sim' returned '0': CMAKE_PREFIX_PATH=${CMAKE_PREFIX_PATH}:/home/maryammahmood/ws_moveit2/install/moveit_configs_utils:/home/maryammahmood/ws_moveit2/install/launch_param_builder:/opt/ros/humble /usr/bin/cmake --build /home/maryammahmood/own_urdf_control/build/gazebo_1_sim -- -j24 -l24
[0.136s] Invoking command in '/home/maryammahmood/own_urdf_control/build/gazebo_1_sim': CMAKE_PREFIX_PATH=${CMAKE_PREFIX_PATH}:/home/maryammahmood/ws_moveit2/install/moveit_configs_utils:/home/maryammahmood/ws_moveit2/install/launch_param_builder:/opt/ros/humble /usr/bin/cmake --install /home/maryammahmood/own_urdf_control/build/gazebo_1_sim
[0.142s] -- Install configuration: ""
[0.142s] -- Execute custom install script
[0.142s] -- Up-to-date symlink: /home/maryammahmood/own_urdf_control/install/gazebo_1_sim/lib/gazebo_1_sim/joint_publisher
[0.143s] -- Up-to-date symlink: /home/maryammahmood/own_urdf_control/install/gazebo_1_sim/share/gazebo_1_sim/launch/gazebo.launch.py
[0.143s] -- Up-to-date symlink: /home/maryammahmood/own_urdf_control/install/gazebo_1_sim/share/gazebo_1_sim/urdf/link1_urdf.urdf.xacro
[0.143s] -- Up-to-date symlink: /home/maryammahmood/own_urdf_control/install/gazebo_1_sim/share/gazebo_1_sim/config/joint_controller.yaml
[0.143s] -- Up-to-date symlink: /home/maryammahmood/own_urdf_control/install/gazebo_1_sim/share/gazebo_1_sim/meshes/Link_1.STL
[0.143s] -- Up-to-date symlink: /home/maryammahmood/own_urdf_control/install/gazebo_1_sim/share/gazebo_1_sim/meshes/Link_2.STL
[0.143s] -- Up-to-date symlink: /home/maryammahmood/own_urdf_control/install/gazebo_1_sim/share/gazebo_1_sim/meshes/Link_3.STL
[0.144s] -- Up-to-date symlink: /home/maryammahmood/own_urdf_control/install/gazebo_1_sim/share/gazebo_1_sim/meshes/Link_4.STL
[0.144s] -- Up-to-date symlink: /home/maryammahmood/own_urdf_control/install/gazebo_1_sim/share/gazebo_1_sim/meshes/Link_5.STL
[0.144s] -- Up-to-date symlink: /home/maryammahmood/own_urdf_control/install/gazebo_1_sim/share/gazebo_1_sim/meshes/Link_7.STL
[0.144s] -- Up-to-date symlink: /home/maryammahmood/own_urdf_control/install/gazebo_1_sim/share/gazebo_1_sim/meshes/base_claw_link1.STL
[0.144s] -- Up-to-date symlink: /home/maryammahmood/own_urdf_control/install/gazebo_1_sim/share/gazebo_1_sim/meshes/base_claw_link2.STL
[0.144s] -- Up-to-date symlink: /home/maryammahmood/own_urdf_control/install/gazebo_1_sim/share/gazebo_1_sim/meshes/base_link.STL
[0.144s] -- Up-to-date symlink: /home/maryammahmood/own_urdf_control/install/gazebo_1_sim/share/gazebo_1_sim/meshes/endeffector.STL
[0.144s] -- Up-to-date symlink: /home/maryammahmood/own_urdf_control/install/gazebo_1_sim/share/gazebo_1_sim/meshes/gear1.STL
[0.144s] -- Up-to-date symlink: /home/maryammahmood/own_urdf_control/install/gazebo_1_sim/share/gazebo_1_sim/meshes/gear1_claw.STL
[0.144s] -- Up-to-date symlink: /home/maryammahmood/own_urdf_control/install/gazebo_1_sim/share/gazebo_1_sim/meshes/gear2_claw.STL
[0.145s] -- Up-to-date symlink: /home/maryammahmood/own_urdf_control/install/gazebo_1_sim/share/gazebo_1_sim/meshes/gear2_link.STL
[0.145s] -- Up-to-date symlink: /home/maryammahmood/own_urdf_control/install/gazebo_1_sim/share/gazebo_1_sim/meshes/link_6.STL
[0.145s] -- Up-to-date symlink: /home/maryammahmood/own_urdf_control/install/gazebo_1_sim/share/ament_index/resource_index/package_run_dependencies/gazebo_1_sim
[0.145s] -- Up-to-date symlink: /home/maryammahmood/own_urdf_control/install/gazebo_1_sim/share/ament_index/resource_index/parent_prefix_path/gazebo_1_sim
[0.145s] -- Up-to-date symlink: /home/maryammahmood/own_urdf_control/install/gazebo_1_sim/share/gazebo_1_sim/environment/ament_prefix_path.sh
[0.145s] -- Up-to-date symlink: /home/maryammahmood/own_urdf_control/install/gazebo_1_sim/share/gazebo_1_sim/environment/ament_prefix_path.dsv
[0.145s] -- Up-to-date symlink: /home/maryammahmood/own_urdf_control/install/gazebo_1_sim/share/gazebo_1_sim/environment/path.sh
[0.145s] -- Up-to-date symlink: /home/maryammahmood/own_urdf_control/install/gazebo_1_sim/share/gazebo_1_sim/environment/path.dsv
[0.145s] -- Up-to-date symlink: /home/maryammahmood/own_urdf_control/install/gazebo_1_sim/share/gazebo_1_sim/local_setup.bash
[0.146s] -- Up-to-date symlink: /home/maryammahmood/own_urdf_control/install/gazebo_1_sim/share/gazebo_1_sim/local_setup.sh
[0.146s] -- Up-to-date symlink: /home/maryammahmood/own_urdf_control/install/gazebo_1_sim/share/gazebo_1_sim/local_setup.zsh
[0.146s] -- Up-to-date symlink: /home/maryammahmood/own_urdf_control/install/gazebo_1_sim/share/gazebo_1_sim/local_setup.dsv
[0.146s] -- Symlinking: /home/maryammahmood/own_urdf_control/install/gazebo_1_sim/share/gazebo_1_sim/package.dsv
[0.154s] -- Up-to-date symlink: /home/maryammahmood/own_urdf_control/install/gazebo_1_sim/share/ament_index/resource_index/packages/gazebo_1_sim
[0.154s] -- Up-to-date symlink: /home/maryammahmood/own_urdf_control/install/gazebo_1_sim/share/gazebo_1_sim/cmake/gazebo_1_simConfig.cmake
[0.154s] -- Up-to-date symlink: /home/maryammahmood/own_urdf_control/install/gazebo_1_sim/share/gazebo_1_sim/cmake/gazebo_1_simConfig-version.cmake
[0.154s] -- Up-to-date symlink: /home/maryammahmood/own_urdf_control/install/gazebo_1_sim/share/gazebo_1_sim/package.xml
[0.157s] Invoked command in '/home/maryammahmood/own_urdf_control/build/gazebo_1_sim' returned '0': CMAKE_PREFIX_PATH=${CMAKE_PREFIX_PATH}:/home/maryammahmood/ws_moveit2/install/moveit_configs_utils:/home/maryammahmood/ws_moveit2/install/launch_param_builder:/opt/ros/humble /usr/bin/cmake --install /home/maryammahmood/own_urdf_control/build/gazebo_1_sim
