[0.011s] Invoking command in '/home/maryammahmood/own_urdf_control/build/gazebo_own_urdf': CMAKE_PREFIX_PATH=${CMAKE_PREFIX_PATH}:/home/maryammahmood/ws_moveit2/install/moveit_configs_utils:/home/maryammahmood/ws_moveit2/install/launch_param_builder:/opt/ros/humble /usr/bin/cmake --build /home/maryammahmood/own_urdf_control/build/gazebo_own_urdf -- -j24 -l24
[0.061s] [35m[1mConsolidate compiler generated dependencies of target joint_publisher[0m
[0.077s] [ 50%] [32mBuilding CXX object CMakeFiles/joint_publisher.dir/src/joint_publisher.cpp.o[0m
[2.776s] [100%] [32m[1mLinking CXX executable joint_publisher[0m
[2.912s] [100%] Built target joint_publisher
[2.922s] Invoked command in '/home/maryammahmood/own_urdf_control/build/gazebo_own_urdf' returned '0': CMAKE_PREFIX_PATH=${CMAKE_PREFIX_PATH}:/home/maryammahmood/ws_moveit2/install/moveit_configs_utils:/home/maryammahmood/ws_moveit2/install/launch_param_builder:/opt/ros/humble /usr/bin/cmake --build /home/maryammahmood/own_urdf_control/build/gazebo_own_urdf -- -j24 -l24
[2.966s] Invoking command in '/home/maryammahmood/own_urdf_control/build/gazebo_own_urdf': CMAKE_PREFIX_PATH=${CMAKE_PREFIX_PATH}:/home/maryammahmood/ws_moveit2/install/moveit_configs_utils:/home/maryammahmood/ws_moveit2/install/launch_param_builder:/opt/ros/humble /usr/bin/cmake --install /home/maryammahmood/own_urdf_control/build/gazebo_own_urdf
[2.974s] -- Install configuration: ""
[2.974s] -- Installing: /home/maryammahmood/own_urdf_control/install/gazebo_own_urdf/lib/gazebo_own_urdf/joint_publisher
[2.975s] -- Set runtime path of "/home/maryammahmood/own_urdf_control/install/gazebo_own_urdf/lib/gazebo_own_urdf/joint_publisher" to ""
[2.975s] -- Up-to-date: /home/maryammahmood/own_urdf_control/install/gazebo_own_urdf/share/gazebo_own_urdf/launch
[2.975s] -- Up-to-date: /home/maryammahmood/own_urdf_control/install/gazebo_own_urdf/share/gazebo_own_urdf/launch/gazebo.launch.py
[2.975s] -- Up-to-date: /home/maryammahmood/own_urdf_control/install/gazebo_own_urdf/share/gazebo_own_urdf/urdf
[2.976s] -- Up-to-date: /home/maryammahmood/own_urdf_control/install/gazebo_own_urdf/share/gazebo_own_urdf/urdf/final_7dof_urdf_9oct2024.urdf.xacro
[2.976s] -- Up-to-date: /home/maryammahmood/own_urdf_control/install/gazebo_own_urdf/share/gazebo_own_urdf/config
[2.976s] -- Up-to-date: /home/maryammahmood/own_urdf_control/install/gazebo_own_urdf/share/gazebo_own_urdf/config/joint_controller.yaml
[2.976s] -- Up-to-date: /home/maryammahmood/own_urdf_control/install/gazebo_own_urdf/share/gazebo_own_urdf/meshes
[2.976s] -- Up-to-date: /home/maryammahmood/own_urdf_control/install/gazebo_own_urdf/share/gazebo_own_urdf/meshes/Link_4.STL
[2.976s] -- Up-to-date: /home/maryammahmood/own_urdf_control/install/gazebo_own_urdf/share/gazebo_own_urdf/meshes/base_link.STL
[2.976s] -- Up-to-date: /home/maryammahmood/own_urdf_control/install/gazebo_own_urdf/share/gazebo_own_urdf/meshes/base_claw_link2.STL
[2.976s] -- Up-to-date: /home/maryammahmood/own_urdf_control/install/gazebo_own_urdf/share/gazebo_own_urdf/meshes/Link_7.STL
[2.976s] -- Up-to-date: /home/maryammahmood/own_urdf_control/install/gazebo_own_urdf/share/gazebo_own_urdf/meshes/base_claw_link1.STL
[2.976s] -- Up-to-date: /home/maryammahmood/own_urdf_control/install/gazebo_own_urdf/share/gazebo_own_urdf/meshes/Link_5.STL
[2.976s] -- Up-to-date: /home/maryammahmood/own_urdf_control/install/gazebo_own_urdf/share/gazebo_own_urdf/meshes/Link_1.STL
[2.976s] -- Up-to-date: /home/maryammahmood/own_urdf_control/install/gazebo_own_urdf/share/gazebo_own_urdf/meshes/endeffector.STL
[2.976s] -- Up-to-date: /home/maryammahmood/own_urdf_control/install/gazebo_own_urdf/share/gazebo_own_urdf/meshes/gear2_link.STL
[2.976s] -- Up-to-date: /home/maryammahmood/own_urdf_control/install/gazebo_own_urdf/share/gazebo_own_urdf/meshes/gear2_claw.STL
[2.976s] -- Up-to-date: /home/maryammahmood/own_urdf_control/install/gazebo_own_urdf/share/gazebo_own_urdf/meshes/gear1.STL
[2.976s] -- Up-to-date: /home/maryammahmood/own_urdf_control/install/gazebo_own_urdf/share/gazebo_own_urdf/meshes/Link_3.STL
[2.976s] -- Up-to-date: /home/maryammahmood/own_urdf_control/install/gazebo_own_urdf/share/gazebo_own_urdf/meshes/link_6.STL
[2.976s] -- Up-to-date: /home/maryammahmood/own_urdf_control/install/gazebo_own_urdf/share/gazebo_own_urdf/meshes/gear1_claw.STL
[2.976s] -- Up-to-date: /home/maryammahmood/own_urdf_control/install/gazebo_own_urdf/share/gazebo_own_urdf/meshes/Link_2.STL
[2.976s] -- Up-to-date: /home/maryammahmood/own_urdf_control/install/gazebo_own_urdf/share/ament_index/resource_index/package_run_dependencies/gazebo_own_urdf
[2.976s] -- Up-to-date: /home/maryammahmood/own_urdf_control/install/gazebo_own_urdf/share/ament_index/resource_index/parent_prefix_path/gazebo_own_urdf
[2.976s] -- Up-to-date: /home/maryammahmood/own_urdf_control/install/gazebo_own_urdf/share/gazebo_own_urdf/environment/ament_prefix_path.sh
[2.976s] -- Up-to-date: /home/maryammahmood/own_urdf_control/install/gazebo_own_urdf/share/gazebo_own_urdf/environment/ament_prefix_path.dsv
[2.976s] -- Up-to-date: /home/maryammahmood/own_urdf_control/install/gazebo_own_urdf/share/gazebo_own_urdf/environment/path.sh
[2.976s] -- Up-to-date: /home/maryammahmood/own_urdf_control/install/gazebo_own_urdf/share/gazebo_own_urdf/environment/path.dsv
[2.976s] -- Up-to-date: /home/maryammahmood/own_urdf_control/install/gazebo_own_urdf/share/gazebo_own_urdf/local_setup.bash
[2.977s] -- Up-to-date: /home/maryammahmood/own_urdf_control/install/gazebo_own_urdf/share/gazebo_own_urdf/local_setup.sh
[2.977s] -- Up-to-date: /home/maryammahmood/own_urdf_control/install/gazebo_own_urdf/share/gazebo_own_urdf/local_setup.zsh
[2.977s] -- Up-to-date: /home/maryammahmood/own_urdf_control/install/gazebo_own_urdf/share/gazebo_own_urdf/local_setup.dsv
[2.977s] -- Installing: /home/maryammahmood/own_urdf_control/install/gazebo_own_urdf/share/gazebo_own_urdf/package.dsv
[2.977s] -- Up-to-date: /home/maryammahmood/own_urdf_control/install/gazebo_own_urdf/share/ament_index/resource_index/packages/gazebo_own_urdf
[2.978s] -- Up-to-date: /home/maryammahmood/own_urdf_control/install/gazebo_own_urdf/share/gazebo_own_urdf/cmake/gazebo_own_urdfConfig.cmake
[2.978s] -- Up-to-date: /home/maryammahmood/own_urdf_control/install/gazebo_own_urdf/share/gazebo_own_urdf/cmake/gazebo_own_urdfConfig-version.cmake
[2.978s] -- Up-to-date: /home/maryammahmood/own_urdf_control/install/gazebo_own_urdf/share/gazebo_own_urdf/package.xml
[2.978s] Invoked command in '/home/maryammahmood/own_urdf_control/build/gazebo_own_urdf' returned '0': CMAKE_PREFIX_PATH=${CMAKE_PREFIX_PATH}:/home/maryammahmood/ws_moveit2/install/moveit_configs_utils:/home/maryammahmood/ws_moveit2/install/launch_param_builder:/opt/ros/humble /usr/bin/cmake --install /home/maryammahmood/own_urdf_control/build/gazebo_own_urdf
