[0.016s] Invoking command in '/home/maryammahmood/own_urdf_control/build/gazebo_1_sim': CMAKE_PREFIX_PATH=${CMAKE_PREFIX_PATH}:/home/maryammahmood/ws_moveit2/install/moveit_configs_utils:/home/maryammahmood/ws_moveit2/install/launch_param_builder:/opt/ros/humble /usr/bin/cmake /home/maryammahmood/own_urdf_control/gazebo_1_sim -DAMENT_CMAKE_SYMLINK_INSTALL=1 -DCMAKE_INSTALL_PREFIX=/home/maryammahmood/own_urdf_control/install/gazebo_1_sim
[0.027s] -- Found ament_cmake: 1.3.10 (/opt/ros/humble/share/ament_cmake/cmake)
[0.124s] -- Override CMake install command with custom implementation using symlinks instead of copying resources
[0.128s] -- Found rclcpp: 16.0.10 (/opt/ros/humble/share/rclcpp/cmake)
[0.147s] -- Found rosidl_generator_c: 3.1.5 (/opt/ros/humble/share/rosidl_generator_c/cmake)
[0.149s] -- Found rosidl_adapter: 3.1.5 (/opt/ros/humble/share/rosidl_adapter/cmake)
[0.153s] -- Found rosidl_generator_cpp: 3.1.5 (/opt/ros/humble/share/rosidl_generator_cpp/cmake)
[0.160s] -- Using all available rosidl_typesupport_c: rosidl_typesupport_fastrtps_c;rosidl_typesupport_introspection_c
[0.169s] -- Using all available rosidl_typesupport_cpp: rosidl_typesupport_fastrtps_cpp;rosidl_typesupport_introspection_cpp
[0.192s] -- Found rmw_implementation_cmake: 6.1.2 (/opt/ros/humble/share/rmw_implementation_cmake/cmake)
[0.193s] -- Found rmw_fastrtps_cpp: 6.2.7 (/opt/ros/humble/share/rmw_fastrtps_cpp/cmake)
[0.285s] -- Using RMW implementation 'rmw_fastrtps_cpp' as default
[0.317s] -- Found trajectory_msgs: 4.2.4 (/opt/ros/humble/share/trajectory_msgs/cmake)
[0.338s] -- Found ament_lint_auto: 0.12.11 (/opt/ros/humble/share/ament_lint_auto/cmake)
[0.391s] -- Added test 'cppcheck' to perform static code analysis on C / C++ code
[0.391s] -- Configured cppcheck include dirs: 
[0.391s] -- Configured cppcheck exclude dirs and/or files: 
[0.392s] -- Added test 'flake8' to check Python code syntax and style conventions
[0.392s] -- Added test 'lint_cmake' to check CMake code style
[0.392s] -- Added test 'pep257' to check Python code against some of the docstring style conventions in PEP 257
[0.393s] -- Added test 'uncrustify' to check C / C++ code style
[0.393s] -- Configured uncrustify additional arguments: 
[0.393s] -- Added test 'xmllint' to check XML markup files
[0.394s] -- Configuring done
[0.399s] -- Generating done
[0.400s] -- Build files have been written to: /home/maryammahmood/own_urdf_control/build/gazebo_1_sim
[0.405s] Invoked command in '/home/maryammahmood/own_urdf_control/build/gazebo_1_sim' returned '0': CMAKE_PREFIX_PATH=${CMAKE_PREFIX_PATH}:/home/maryammahmood/ws_moveit2/install/moveit_configs_utils:/home/maryammahmood/ws_moveit2/install/launch_param_builder:/opt/ros/humble /usr/bin/cmake /home/maryammahmood/own_urdf_control/gazebo_1_sim -DAMENT_CMAKE_SYMLINK_INSTALL=1 -DCMAKE_INSTALL_PREFIX=/home/maryammahmood/own_urdf_control/install/gazebo_1_sim
[0.406s] Invoking command in '/home/maryammahmood/own_urdf_control/build/gazebo_1_sim': CMAKE_PREFIX_PATH=${CMAKE_PREFIX_PATH}:/home/maryammahmood/ws_moveit2/install/moveit_configs_utils:/home/maryammahmood/ws_moveit2/install/launch_param_builder:/opt/ros/humble /usr/bin/cmake --build /home/maryammahmood/own_urdf_control/build/gazebo_1_sim -- -j24 -l24
[0.440s] [35m[1mConsolidate compiler generated dependencies of target joint_publisher[0m
[0.454s] [ 50%] [32mBuilding CXX object CMakeFiles/joint_publisher.dir/src/joint_publisher.cpp.o[0m
[3.112s] [100%] [32m[1mLinking CXX executable joint_publisher[0m
[3.252s] [100%] Built target joint_publisher
[3.263s] Invoked command in '/home/maryammahmood/own_urdf_control/build/gazebo_1_sim' returned '0': CMAKE_PREFIX_PATH=${CMAKE_PREFIX_PATH}:/home/maryammahmood/ws_moveit2/install/moveit_configs_utils:/home/maryammahmood/ws_moveit2/install/launch_param_builder:/opt/ros/humble /usr/bin/cmake --build /home/maryammahmood/own_urdf_control/build/gazebo_1_sim -- -j24 -l24
[3.300s] Invoking command in '/home/maryammahmood/own_urdf_control/build/gazebo_1_sim': CMAKE_PREFIX_PATH=${CMAKE_PREFIX_PATH}:/home/maryammahmood/ws_moveit2/install/moveit_configs_utils:/home/maryammahmood/ws_moveit2/install/launch_param_builder:/opt/ros/humble /usr/bin/cmake --install /home/maryammahmood/own_urdf_control/build/gazebo_1_sim
[3.309s] -- Install configuration: ""
[3.309s] -- Execute custom install script
[3.310s] -- Up-to-date symlink: /home/maryammahmood/own_urdf_control/install/gazebo_1_sim/lib/gazebo_1_sim/joint_publisher
[3.310s] -- Up-to-date symlink: /home/maryammahmood/own_urdf_control/install/gazebo_1_sim/share/gazebo_1_sim/launch/gazebo.launch.py
[3.310s] -- Up-to-date symlink: /home/maryammahmood/own_urdf_control/install/gazebo_1_sim/share/gazebo_1_sim/urdf/link1_urdf.urdf.xacro
[3.310s] -- Up-to-date symlink: /home/maryammahmood/own_urdf_control/install/gazebo_1_sim/share/gazebo_1_sim/config/joint_controller.yaml
[3.310s] -- Up-to-date symlink: /home/maryammahmood/own_urdf_control/install/gazebo_1_sim/share/gazebo_1_sim/meshes/Link_1.STL
[3.311s] -- Up-to-date symlink: /home/maryammahmood/own_urdf_control/install/gazebo_1_sim/share/gazebo_1_sim/meshes/Link_2.STL
[3.311s] -- Up-to-date symlink: /home/maryammahmood/own_urdf_control/install/gazebo_1_sim/share/gazebo_1_sim/meshes/Link_3.STL
[3.311s] -- Up-to-date symlink: /home/maryammahmood/own_urdf_control/install/gazebo_1_sim/share/gazebo_1_sim/meshes/Link_4.STL
[3.311s] -- Up-to-date symlink: /home/maryammahmood/own_urdf_control/install/gazebo_1_sim/share/gazebo_1_sim/meshes/Link_5.STL
[3.311s] -- Up-to-date symlink: /home/maryammahmood/own_urdf_control/install/gazebo_1_sim/share/gazebo_1_sim/meshes/Link_7.STL
[3.311s] -- Up-to-date symlink: /home/maryammahmood/own_urdf_control/install/gazebo_1_sim/share/gazebo_1_sim/meshes/base_claw_link1.STL
[3.311s] -- Up-to-date symlink: /home/maryammahmood/own_urdf_control/install/gazebo_1_sim/share/gazebo_1_sim/meshes/base_claw_link2.STL
[3.311s] -- Up-to-date symlink: /home/maryammahmood/own_urdf_control/install/gazebo_1_sim/share/gazebo_1_sim/meshes/base_link.STL
[3.311s] -- Up-to-date symlink: /home/maryammahmood/own_urdf_control/install/gazebo_1_sim/share/gazebo_1_sim/meshes/endeffector.STL
[3.311s] -- Up-to-date symlink: /home/maryammahmood/own_urdf_control/install/gazebo_1_sim/share/gazebo_1_sim/meshes/gear1.STL
[3.312s] -- Up-to-date symlink: /home/maryammahmood/own_urdf_control/install/gazebo_1_sim/share/gazebo_1_sim/meshes/gear1_claw.STL
[3.312s] -- Up-to-date symlink: /home/maryammahmood/own_urdf_control/install/gazebo_1_sim/share/gazebo_1_sim/meshes/gear2_claw.STL
[3.312s] -- Up-to-date symlink: /home/maryammahmood/own_urdf_control/install/gazebo_1_sim/share/gazebo_1_sim/meshes/gear2_link.STL
[3.312s] -- Up-to-date symlink: /home/maryammahmood/own_urdf_control/install/gazebo_1_sim/share/gazebo_1_sim/meshes/link_6.STL
[3.312s] -- Up-to-date symlink: /home/maryammahmood/own_urdf_control/install/gazebo_1_sim/share/ament_index/resource_index/package_run_dependencies/gazebo_1_sim
[3.312s] -- Up-to-date symlink: /home/maryammahmood/own_urdf_control/install/gazebo_1_sim/share/ament_index/resource_index/parent_prefix_path/gazebo_1_sim
[3.312s] -- Up-to-date symlink: /home/maryammahmood/own_urdf_control/install/gazebo_1_sim/share/gazebo_1_sim/environment/ament_prefix_path.sh
[3.312s] -- Up-to-date symlink: /home/maryammahmood/own_urdf_control/install/gazebo_1_sim/share/gazebo_1_sim/environment/ament_prefix_path.dsv
[3.313s] -- Up-to-date symlink: /home/maryammahmood/own_urdf_control/install/gazebo_1_sim/share/gazebo_1_sim/environment/path.sh
[3.313s] -- Up-to-date symlink: /home/maryammahmood/own_urdf_control/install/gazebo_1_sim/share/gazebo_1_sim/environment/path.dsv
[3.313s] -- Up-to-date symlink: /home/maryammahmood/own_urdf_control/install/gazebo_1_sim/share/gazebo_1_sim/local_setup.bash
[3.313s] -- Up-to-date symlink: /home/maryammahmood/own_urdf_control/install/gazebo_1_sim/share/gazebo_1_sim/local_setup.sh
[3.313s] -- Up-to-date symlink: /home/maryammahmood/own_urdf_control/install/gazebo_1_sim/share/gazebo_1_sim/local_setup.zsh
[3.313s] -- Up-to-date symlink: /home/maryammahmood/own_urdf_control/install/gazebo_1_sim/share/gazebo_1_sim/local_setup.dsv
[3.313s] -- Symlinking: /home/maryammahmood/own_urdf_control/install/gazebo_1_sim/share/gazebo_1_sim/package.dsv
[3.320s] -- Up-to-date symlink: /home/maryammahmood/own_urdf_control/install/gazebo_1_sim/share/ament_index/resource_index/packages/gazebo_1_sim
[3.321s] -- Up-to-date symlink: /home/maryammahmood/own_urdf_control/install/gazebo_1_sim/share/gazebo_1_sim/cmake/gazebo_1_simConfig.cmake
[3.321s] -- Up-to-date symlink: /home/maryammahmood/own_urdf_control/install/gazebo_1_sim/share/gazebo_1_sim/cmake/gazebo_1_simConfig-version.cmake
[3.321s] -- Up-to-date symlink: /home/maryammahmood/own_urdf_control/install/gazebo_1_sim/share/gazebo_1_sim/package.xml
[3.322s] Invoked command in '/home/maryammahmood/own_urdf_control/build/gazebo_1_sim' returned '0': CMAKE_PREFIX_PATH=${CMAKE_PREFIX_PATH}:/home/maryammahmood/ws_moveit2/install/moveit_configs_utils:/home/maryammahmood/ws_moveit2/install/launch_param_builder:/opt/ros/humble /usr/bin/cmake --install /home/maryammahmood/own_urdf_control/build/gazebo_1_sim
