[100%] Built target joint_publisher
-- Install configuration: ""
-- Up-to-date: /home/maryammahmood/own_urdf_control/install/gazebo_own_urdf/lib/gazebo_own_urdf/joint_publisher
-- Up-to-date: /home/maryammahmood/own_urdf_control/install/gazebo_own_urdf/share/gazebo_own_urdf/launch
-- Up-to-date: /home/maryammahmood/own_urdf_control/install/gazebo_own_urdf/share/gazebo_own_urdf/launch/gazebo.launch.py
-- Up-to-date: /home/maryammahmood/own_urdf_control/install/gazebo_own_urdf/share/gazebo_own_urdf/urdf
-- Up-to-date: /home/maryammahmood/own_urdf_control/install/gazebo_own_urdf/share/gazebo_own_urdf/urdf/final_7dof_urdf_9oct2024.urdf.xacro
-- Up-to-date: /home/maryammahmood/own_urdf_control/install/gazebo_own_urdf/share/gazebo_own_urdf/config
-- Up-to-date: /home/maryammahmood/own_urdf_control/install/gazebo_own_urdf/share/gazebo_own_urdf/config/joint_controller.yaml
-- Up-to-date: /home/maryammahmood/own_urdf_control/install/gazebo_own_urdf/share/gazebo_own_urdf/meshes
-- Up-to-date: /home/maryammahmood/own_urdf_control/install/gazebo_own_urdf/share/gazebo_own_urdf/meshes/Link_4.STL
-- Up-to-date: /home/maryammahmood/own_urdf_control/install/gazebo_own_urdf/share/gazebo_own_urdf/meshes/base_link.STL
-- Up-to-date: /home/maryammahmood/own_urdf_control/install/gazebo_own_urdf/share/gazebo_own_urdf/meshes/base_claw_link2.STL
-- Up-to-date: /home/maryammahmood/own_urdf_control/install/gazebo_own_urdf/share/gazebo_own_urdf/meshes/Link_7.STL
-- Up-to-date: /home/maryammahmood/own_urdf_control/install/gazebo_own_urdf/share/gazebo_own_urdf/meshes/base_claw_link1.STL
-- Up-to-date: /home/maryammahmood/own_urdf_control/install/gazebo_own_urdf/share/gazebo_own_urdf/meshes/Link_5.STL
-- Up-to-date: /home/maryammahmood/own_urdf_control/install/gazebo_own_urdf/share/gazebo_own_urdf/meshes/Link_1.STL
-- Up-to-date: /home/maryammahmood/own_urdf_control/install/gazebo_own_urdf/share/gazebo_own_urdf/meshes/endeffector.STL
-- Up-to-date: /home/maryammahmood/own_urdf_control/install/gazebo_own_urdf/share/gazebo_own_urdf/meshes/gear2_link.STL
-- Up-to-date: /home/maryammahmood/own_urdf_control/install/gazebo_own_urdf/share/gazebo_own_urdf/meshes/gear2_claw.STL
-- Up-to-date: /home/maryammahmood/own_urdf_control/install/gazebo_own_urdf/share/gazebo_own_urdf/meshes/gear1.STL
-- Up-to-date: /home/maryammahmood/own_urdf_control/install/gazebo_own_urdf/share/gazebo_own_urdf/meshes/Link_3.STL
-- Up-to-date: /home/maryammahmood/own_urdf_control/install/gazebo_own_urdf/share/gazebo_own_urdf/meshes/link_6.STL
-- Up-to-date: /home/maryammahmood/own_urdf_control/install/gazebo_own_urdf/share/gazebo_own_urdf/meshes/gear1_claw.STL
-- Up-to-date: /home/maryammahmood/own_urdf_control/install/gazebo_own_urdf/share/gazebo_own_urdf/meshes/Link_2.STL
-- Up-to-date: /home/maryammahmood/own_urdf_control/install/gazebo_own_urdf/share/ament_index/resource_index/package_run_dependencies/gazebo_own_urdf
-- Up-to-date: /home/maryammahmood/own_urdf_control/install/gazebo_own_urdf/share/ament_index/resource_index/parent_prefix_path/gazebo_own_urdf
-- Up-to-date: /home/maryammahmood/own_urdf_control/install/gazebo_own_urdf/share/gazebo_own_urdf/environment/ament_prefix_path.sh
-- Up-to-date: /home/maryammahmood/own_urdf_control/install/gazebo_own_urdf/share/gazebo_own_urdf/environment/ament_prefix_path.dsv
-- Up-to-date: /home/maryammahmood/own_urdf_control/install/gazebo_own_urdf/share/gazebo_own_urdf/environment/path.sh
-- Up-to-date: /home/maryammahmood/own_urdf_control/install/gazebo_own_urdf/share/gazebo_own_urdf/environment/path.dsv
-- Up-to-date: /home/maryammahmood/own_urdf_control/install/gazebo_own_urdf/share/gazebo_own_urdf/local_setup.bash
-- Up-to-date: /home/maryammahmood/own_urdf_control/install/gazebo_own_urdf/share/gazebo_own_urdf/local_setup.sh
-- Up-to-date: /home/maryammahmood/own_urdf_control/install/gazebo_own_urdf/share/gazebo_own_urdf/local_setup.zsh
-- Up-to-date: /home/maryammahmood/own_urdf_control/install/gazebo_own_urdf/share/gazebo_own_urdf/local_setup.dsv
-- Installing: /home/maryammahmood/own_urdf_control/install/gazebo_own_urdf/share/gazebo_own_urdf/package.dsv
-- Up-to-date: /home/maryammahmood/own_urdf_control/install/gazebo_own_urdf/share/ament_index/resource_index/packages/gazebo_own_urdf
-- Up-to-date: /home/maryammahmood/own_urdf_control/install/gazebo_own_urdf/share/gazebo_own_urdf/cmake/gazebo_own_urdfConfig.cmake
-- Up-to-date: /home/maryammahmood/own_urdf_control/install/gazebo_own_urdf/share/gazebo_own_urdf/cmake/gazebo_own_urdfConfig-version.cmake
-- Up-to-date: /home/maryammahmood/own_urdf_control/install/gazebo_own_urdf/share/gazebo_own_urdf/package.xml
