[0.013s] Invoking command in '/home/maryammahmood/own_urdf_control/build/gazebo_2_sim': CMAKE_PREFIX_PATH=${CMAKE_PREFIX_PATH}:/home/maryammahmood/ws_moveit2/install/moveit_configs_utils:/home/maryammahmood/ws_moveit2/install/launch_param_builder:/opt/ros/humble /usr/bin/cmake --build /home/maryammahmood/own_urdf_control/build/gazebo_2_sim -- -j24 -l24
[0.072s] [ 50%] [32mBuilding CXX object CMakeFiles/joint_publisher.dir/src/joint_publisher.cpp.o[0m
[2.721s] [100%] [32m[1mLinking CXX executable joint_publisher[0m
[2.861s] [100%] Built target joint_publisher
[2.872s] Invoked command in '/home/maryammahmood/own_urdf_control/build/gazebo_2_sim' returned '0': CMAKE_PREFIX_PATH=${CMAKE_PREFIX_PATH}:/home/maryammahmood/ws_moveit2/install/moveit_configs_utils:/home/maryammahmood/ws_moveit2/install/launch_param_builder:/opt/ros/humble /usr/bin/cmake --build /home/maryammahmood/own_urdf_control/build/gazebo_2_sim -- -j24 -l24
[2.921s] Invoking command in '/home/maryammahmood/own_urdf_control/build/gazebo_2_sim': CMAKE_PREFIX_PATH=${CMAKE_PREFIX_PATH}:/home/maryammahmood/ws_moveit2/install/moveit_configs_utils:/home/maryammahmood/ws_moveit2/install/launch_param_builder:/opt/ros/humble /usr/bin/cmake --install /home/maryammahmood/own_urdf_control/build/gazebo_2_sim
[2.932s] -- Install configuration: ""
[2.933s] -- Execute custom install script
[2.933s] -- Up-to-date symlink: /home/maryammahmood/own_urdf_control/install/gazebo_2_sim/lib/gazebo_2_sim/joint_publisher
[2.934s] -- Up-to-date symlink: /home/maryammahmood/own_urdf_control/install/gazebo_2_sim/share/gazebo_2_sim/launch/gazebo.launch.py
[2.934s] -- Up-to-date symlink: /home/maryammahmood/own_urdf_control/install/gazebo_2_sim/share/gazebo_2_sim/urdf/link2_urdf.urdf.xacro
[2.934s] -- Up-to-date symlink: /home/maryammahmood/own_urdf_control/install/gazebo_2_sim/share/gazebo_2_sim/config/joint_controller.yaml
[2.935s] -- Up-to-date symlink: /home/maryammahmood/own_urdf_control/install/gazebo_2_sim/share/gazebo_2_sim/meshes/Link_1.STL
[2.935s] -- Up-to-date symlink: /home/maryammahmood/own_urdf_control/install/gazebo_2_sim/share/gazebo_2_sim/meshes/Link_2.STL
[2.935s] -- Up-to-date symlink: /home/maryammahmood/own_urdf_control/install/gazebo_2_sim/share/gazebo_2_sim/meshes/Link_3.STL
[2.935s] -- Up-to-date symlink: /home/maryammahmood/own_urdf_control/install/gazebo_2_sim/share/gazebo_2_sim/meshes/Link_4.STL
[2.936s] -- Up-to-date symlink: /home/maryammahmood/own_urdf_control/install/gazebo_2_sim/share/gazebo_2_sim/meshes/Link_5.STL
[2.936s] -- Up-to-date symlink: /home/maryammahmood/own_urdf_control/install/gazebo_2_sim/share/gazebo_2_sim/meshes/Link_7.STL
[2.936s] -- Up-to-date symlink: /home/maryammahmood/own_urdf_control/install/gazebo_2_sim/share/gazebo_2_sim/meshes/base_claw_link1.STL
[2.936s] -- Up-to-date symlink: /home/maryammahmood/own_urdf_control/install/gazebo_2_sim/share/gazebo_2_sim/meshes/base_claw_link2.STL
[2.936s] -- Up-to-date symlink: /home/maryammahmood/own_urdf_control/install/gazebo_2_sim/share/gazebo_2_sim/meshes/base_link.STL
[2.936s] -- Up-to-date symlink: /home/maryammahmood/own_urdf_control/install/gazebo_2_sim/share/gazebo_2_sim/meshes/endeffector.STL
[2.936s] -- Up-to-date symlink: /home/maryammahmood/own_urdf_control/install/gazebo_2_sim/share/gazebo_2_sim/meshes/gear1.STL
[2.936s] -- Up-to-date symlink: /home/maryammahmood/own_urdf_control/install/gazebo_2_sim/share/gazebo_2_sim/meshes/gear1_claw.STL
[2.936s] -- Up-to-date symlink: /home/maryammahmood/own_urdf_control/install/gazebo_2_sim/share/gazebo_2_sim/meshes/gear2_claw.STL
[2.936s] -- Up-to-date symlink: /home/maryammahmood/own_urdf_control/install/gazebo_2_sim/share/gazebo_2_sim/meshes/gear2_link.STL
[2.936s] -- Up-to-date symlink: /home/maryammahmood/own_urdf_control/install/gazebo_2_sim/share/gazebo_2_sim/meshes/link_6.STL
[2.936s] -- Up-to-date symlink: /home/maryammahmood/own_urdf_control/install/gazebo_2_sim/share/ament_index/resource_index/package_run_dependencies/gazebo_2_sim
[2.936s] -- Up-to-date symlink: /home/maryammahmood/own_urdf_control/install/gazebo_2_sim/share/ament_index/resource_index/parent_prefix_path/gazebo_2_sim
[2.936s] -- Up-to-date symlink: /home/maryammahmood/own_urdf_control/install/gazebo_2_sim/share/gazebo_2_sim/environment/ament_prefix_path.sh
[2.936s] -- Up-to-date symlink: /home/maryammahmood/own_urdf_control/install/gazebo_2_sim/share/gazebo_2_sim/environment/ament_prefix_path.dsv
[2.936s] -- Up-to-date symlink: /home/maryammahmood/own_urdf_control/install/gazebo_2_sim/share/gazebo_2_sim/environment/path.sh
[2.937s] -- Up-to-date symlink: /home/maryammahmood/own_urdf_control/install/gazebo_2_sim/share/gazebo_2_sim/environment/path.dsv
[2.937s] -- Up-to-date symlink: /home/maryammahmood/own_urdf_control/install/gazebo_2_sim/share/gazebo_2_sim/local_setup.bash
[2.937s] -- Up-to-date symlink: /home/maryammahmood/own_urdf_control/install/gazebo_2_sim/share/gazebo_2_sim/local_setup.sh
[2.937s] -- Up-to-date symlink: /home/maryammahmood/own_urdf_control/install/gazebo_2_sim/share/gazebo_2_sim/local_setup.zsh
[2.937s] -- Up-to-date symlink: /home/maryammahmood/own_urdf_control/install/gazebo_2_sim/share/gazebo_2_sim/local_setup.dsv
[2.937s] -- Symlinking: /home/maryammahmood/own_urdf_control/install/gazebo_2_sim/share/gazebo_2_sim/package.dsv
[2.947s] -- Up-to-date symlink: /home/maryammahmood/own_urdf_control/install/gazebo_2_sim/share/ament_index/resource_index/packages/gazebo_2_sim
[2.948s] -- Up-to-date symlink: /home/maryammahmood/own_urdf_control/install/gazebo_2_sim/share/gazebo_2_sim/cmake/gazebo_2_simConfig.cmake
[2.948s] -- Up-to-date symlink: /home/maryammahmood/own_urdf_control/install/gazebo_2_sim/share/gazebo_2_sim/cmake/gazebo_2_simConfig-version.cmake
[2.948s] -- Up-to-date symlink: /home/maryammahmood/own_urdf_control/install/gazebo_2_sim/share/gazebo_2_sim/package.xml
[2.951s] Invoked command in '/home/maryammahmood/own_urdf_control/build/gazebo_2_sim' returned '0': CMAKE_PREFIX_PATH=${CMAKE_PREFIX_PATH}:/home/maryammahmood/ws_moveit2/install/moveit_configs_utils:/home/maryammahmood/ws_moveit2/install/launch_param_builder:/opt/ros/humble /usr/bin/cmake --install /home/maryammahmood/own_urdf_control/build/gazebo_2_sim
