[0.016s] Invoking command in '/home/maryammahmood/own_urdf_control/build/gazebo_2_sim_pid': CMAKE_PREFIX_PATH=${CMAKE_PREFIX_PATH}:/home/maryammahmood/ws_moveit2/install/moveit_configs_utils:/home/maryammahmood/ws_moveit2/install/launch_param_builder:/opt/ros/humble /usr/bin/cmake /home/maryammahmood/own_urdf_control/gazebo_2_sim_pid -DAMENT_CMAKE_SYMLINK_INSTALL=1 -DCMAKE_INSTALL_PREFIX=/home/maryammahmood/own_urdf_control/install/gazebo_2_sim_pid
[0.076s] -- The C compiler identification is GNU 11.4.0
[0.123s] -- The CXX compiler identification is GNU 11.4.0
[0.127s] -- Detecting C compiler ABI info
[0.188s] -- Detecting C compiler ABI info - done
[0.193s] -- Check for working C compiler: /usr/bin/cc - skipped
[0.194s] -- Detecting C compile features
[0.194s] -- Detecting C compile features - done
[0.196s] -- Detecting CXX compiler ABI info
[0.273s] -- Detecting CXX compiler ABI info - done
[0.281s] -- Check for working CXX compiler: /usr/bin/c++ - skipped
[0.282s] -- Detecting CXX compile features
[0.282s] -- Detecting CXX compile features - done
[0.287s] -- Found ament_cmake: 1.3.10 (/opt/ros/humble/share/ament_cmake/cmake)
[0.435s] -- Found Python3: /usr/bin/python3 (found version "3.10.12") found components: Interpreter 
[0.479s] -- Override CMake install command with custom implementation using symlinks instead of copying resources
[0.534s] -- Found rclcpp: 16.0.10 (/opt/ros/humble/share/rclcpp/cmake)
[0.589s] -- Found rosidl_generator_c: 3.1.5 (/opt/ros/humble/share/rosidl_generator_c/cmake)
[0.597s] -- Found rosidl_adapter: 3.1.5 (/opt/ros/humble/share/rosidl_adapter/cmake)
[0.608s] -- Found rosidl_generator_cpp: 3.1.5 (/opt/ros/humble/share/rosidl_generator_cpp/cmake)
[0.622s] -- Using all available rosidl_typesupport_c: rosidl_typesupport_fastrtps_c;rosidl_typesupport_introspection_c
[0.641s] -- Using all available rosidl_typesupport_cpp: rosidl_typesupport_fastrtps_cpp;rosidl_typesupport_introspection_cpp
[0.696s] -- Found rmw_implementation_cmake: 6.1.2 (/opt/ros/humble/share/rmw_implementation_cmake/cmake)
[0.702s] -- Found rmw_fastrtps_cpp: 6.2.7 (/opt/ros/humble/share/rmw_fastrtps_cpp/cmake)
[0.822s] -- Found OpenSSL: /usr/lib/x86_64-linux-gnu/libcrypto.so (found version "3.0.2")  
[0.852s] -- Found FastRTPS: /opt/ros/humble/include  
[0.893s] -- Using RMW implementation 'rmw_fastrtps_cpp' as default
[0.907s] -- Looking for pthread.h
[0.980s] -- Looking for pthread.h - found
[0.980s] -- Performing Test CMAKE_HAVE_LIBC_PTHREAD
[1.061s] -- Performing Test CMAKE_HAVE_LIBC_PTHREAD - Success
[1.061s] -- Found Threads: TRUE  
[1.107s] -- Found trajectory_msgs: 4.2.4 (/opt/ros/humble/share/trajectory_msgs/cmake)
[1.135s] -- Found ament_lint_auto: 0.12.11 (/opt/ros/humble/share/ament_lint_auto/cmake)
[1.219s] -- Added test 'cppcheck' to perform static code analysis on C / C++ code
[1.219s] -- Configured cppcheck include dirs: 
[1.219s] -- Configured cppcheck exclude dirs and/or files: 
[1.220s] -- Added test 'flake8' to check Python code syntax and style conventions
[1.220s] -- Added test 'lint_cmake' to check CMake code style
[1.221s] -- Added test 'pep257' to check Python code against some of the docstring style conventions in PEP 257
[1.222s] -- Added test 'uncrustify' to check C / C++ code style
[1.222s] -- Configured uncrustify additional arguments: 
[1.223s] -- Added test 'xmllint' to check XML markup files
[1.225s] -- Configuring done
[1.230s] -- Generating done
[1.231s] -- Build files have been written to: /home/maryammahmood/own_urdf_control/build/gazebo_2_sim_pid
[1.238s] Invoked command in '/home/maryammahmood/own_urdf_control/build/gazebo_2_sim_pid' returned '0': CMAKE_PREFIX_PATH=${CMAKE_PREFIX_PATH}:/home/maryammahmood/ws_moveit2/install/moveit_configs_utils:/home/maryammahmood/ws_moveit2/install/launch_param_builder:/opt/ros/humble /usr/bin/cmake /home/maryammahmood/own_urdf_control/gazebo_2_sim_pid -DAMENT_CMAKE_SYMLINK_INSTALL=1 -DCMAKE_INSTALL_PREFIX=/home/maryammahmood/own_urdf_control/install/gazebo_2_sim_pid
[1.239s] Invoking command in '/home/maryammahmood/own_urdf_control/build/gazebo_2_sim_pid': CMAKE_PREFIX_PATH=${CMAKE_PREFIX_PATH}:/home/maryammahmood/ws_moveit2/install/moveit_configs_utils:/home/maryammahmood/ws_moveit2/install/launch_param_builder:/opt/ros/humble /usr/bin/cmake --build /home/maryammahmood/own_urdf_control/build/gazebo_2_sim_pid -- -j24 -l24
[1.296s] [ 50%] [32mBuilding CXX object CMakeFiles/joint_publisher.dir/src/joint_publisher.cpp.o[0m
[3.915s] [100%] [32m[1mLinking CXX executable joint_publisher[0m
[4.047s] [100%] Built target joint_publisher
[4.056s] Invoked command in '/home/maryammahmood/own_urdf_control/build/gazebo_2_sim_pid' returned '0': CMAKE_PREFIX_PATH=${CMAKE_PREFIX_PATH}:/home/maryammahmood/ws_moveit2/install/moveit_configs_utils:/home/maryammahmood/ws_moveit2/install/launch_param_builder:/opt/ros/humble /usr/bin/cmake --build /home/maryammahmood/own_urdf_control/build/gazebo_2_sim_pid -- -j24 -l24
[4.109s] Invoking command in '/home/maryammahmood/own_urdf_control/build/gazebo_2_sim_pid': CMAKE_PREFIX_PATH=${CMAKE_PREFIX_PATH}:/home/maryammahmood/ws_moveit2/install/moveit_configs_utils:/home/maryammahmood/ws_moveit2/install/launch_param_builder:/opt/ros/humble /usr/bin/cmake --install /home/maryammahmood/own_urdf_control/build/gazebo_2_sim_pid
[4.121s] -- Install configuration: ""
[4.121s] -- Execute custom install script
[4.121s] -- Symlinking: /home/maryammahmood/own_urdf_control/install/gazebo_2_sim_pid/lib/gazebo_2_sim_pid/joint_publisher
[4.136s] -- Symlinking: /home/maryammahmood/own_urdf_control/install/gazebo_2_sim_pid/share/gazebo_2_sim_pid/launch/gazebo.launch.py
[4.147s] -- Symlinking: /home/maryammahmood/own_urdf_control/install/gazebo_2_sim_pid/share/gazebo_2_sim_pid/urdf/link2_urdf.urdf.xacro
[4.156s] -- Symlinking: /home/maryammahmood/own_urdf_control/install/gazebo_2_sim_pid/share/gazebo_2_sim_pid/config/joint_controller.yaml
[4.164s] -- Symlinking: /home/maryammahmood/own_urdf_control/install/gazebo_2_sim_pid/share/gazebo_2_sim_pid/meshes/Link_1.STL
[4.175s] -- Symlinking: /home/maryammahmood/own_urdf_control/install/gazebo_2_sim_pid/share/gazebo_2_sim_pid/meshes/Link_2.STL
[4.188s] -- Symlinking: /home/maryammahmood/own_urdf_control/install/gazebo_2_sim_pid/share/gazebo_2_sim_pid/meshes/Link_3.STL
[4.199s] -- Symlinking: /home/maryammahmood/own_urdf_control/install/gazebo_2_sim_pid/share/gazebo_2_sim_pid/meshes/Link_4.STL
[4.210s] -- Symlinking: /home/maryammahmood/own_urdf_control/install/gazebo_2_sim_pid/share/gazebo_2_sim_pid/meshes/Link_5.STL
[4.221s] -- Symlinking: /home/maryammahmood/own_urdf_control/install/gazebo_2_sim_pid/share/gazebo_2_sim_pid/meshes/Link_7.STL
[4.234s] -- Symlinking: /home/maryammahmood/own_urdf_control/install/gazebo_2_sim_pid/share/gazebo_2_sim_pid/meshes/base_claw_link1.STL
[4.248s] -- Symlinking: /home/maryammahmood/own_urdf_control/install/gazebo_2_sim_pid/share/gazebo_2_sim_pid/meshes/base_claw_link2.STL
[4.260s] -- Symlinking: /home/maryammahmood/own_urdf_control/install/gazebo_2_sim_pid/share/gazebo_2_sim_pid/meshes/base_link.STL
[4.272s] -- Symlinking: /home/maryammahmood/own_urdf_control/install/gazebo_2_sim_pid/share/gazebo_2_sim_pid/meshes/endeffector.STL
[4.285s] -- Symlinking: /home/maryammahmood/own_urdf_control/install/gazebo_2_sim_pid/share/gazebo_2_sim_pid/meshes/gear1.STL
[4.295s] -- Symlinking: /home/maryammahmood/own_urdf_control/install/gazebo_2_sim_pid/share/gazebo_2_sim_pid/meshes/gear1_claw.STL
[4.306s] -- Symlinking: /home/maryammahmood/own_urdf_control/install/gazebo_2_sim_pid/share/gazebo_2_sim_pid/meshes/gear2_claw.STL
[4.316s] -- Symlinking: /home/maryammahmood/own_urdf_control/install/gazebo_2_sim_pid/share/gazebo_2_sim_pid/meshes/gear2_link.STL
[4.329s] -- Symlinking: /home/maryammahmood/own_urdf_control/install/gazebo_2_sim_pid/share/gazebo_2_sim_pid/meshes/link_6.STL
[4.342s] -- Symlinking: /home/maryammahmood/own_urdf_control/install/gazebo_2_sim_pid/share/ament_index/resource_index/package_run_dependencies/gazebo_2_sim_pid
[4.355s] -- Symlinking: /home/maryammahmood/own_urdf_control/install/gazebo_2_sim_pid/share/ament_index/resource_index/parent_prefix_path/gazebo_2_sim_pid
[4.369s] -- Symlinking: /home/maryammahmood/own_urdf_control/install/gazebo_2_sim_pid/share/gazebo_2_sim_pid/environment/ament_prefix_path.sh
[4.382s] -- Symlinking: /home/maryammahmood/own_urdf_control/install/gazebo_2_sim_pid/share/gazebo_2_sim_pid/environment/ament_prefix_path.dsv
[4.396s] -- Symlinking: /home/maryammahmood/own_urdf_control/install/gazebo_2_sim_pid/share/gazebo_2_sim_pid/environment/path.sh
[4.406s] -- Symlinking: /home/maryammahmood/own_urdf_control/install/gazebo_2_sim_pid/share/gazebo_2_sim_pid/environment/path.dsv
[4.416s] -- Symlinking: /home/maryammahmood/own_urdf_control/install/gazebo_2_sim_pid/share/gazebo_2_sim_pid/local_setup.bash
[4.428s] -- Symlinking: /home/maryammahmood/own_urdf_control/install/gazebo_2_sim_pid/share/gazebo_2_sim_pid/local_setup.sh
[4.438s] -- Symlinking: /home/maryammahmood/own_urdf_control/install/gazebo_2_sim_pid/share/gazebo_2_sim_pid/local_setup.zsh
[4.452s] -- Symlinking: /home/maryammahmood/own_urdf_control/install/gazebo_2_sim_pid/share/gazebo_2_sim_pid/local_setup.dsv
[4.466s] -- Symlinking: /home/maryammahmood/own_urdf_control/install/gazebo_2_sim_pid/share/gazebo_2_sim_pid/package.dsv
[4.480s] -- Symlinking: /home/maryammahmood/own_urdf_control/install/gazebo_2_sim_pid/share/ament_index/resource_index/packages/gazebo_2_sim_pid
[4.493s] -- Symlinking: /home/maryammahmood/own_urdf_control/install/gazebo_2_sim_pid/share/gazebo_2_sim_pid/cmake/gazebo_2_sim_pidConfig.cmake
[4.505s] -- Symlinking: /home/maryammahmood/own_urdf_control/install/gazebo_2_sim_pid/share/gazebo_2_sim_pid/cmake/gazebo_2_sim_pidConfig-version.cmake
[4.517s] -- Symlinking: /home/maryammahmood/own_urdf_control/install/gazebo_2_sim_pid/share/gazebo_2_sim_pid/package.xml
[4.531s] Invoked command in '/home/maryammahmood/own_urdf_control/build/gazebo_2_sim_pid' returned '0': CMAKE_PREFIX_PATH=${CMAKE_PREFIX_PATH}:/home/maryammahmood/ws_moveit2/install/moveit_configs_utils:/home/maryammahmood/ws_moveit2/install/launch_param_builder:/opt/ros/humble /usr/bin/cmake --install /home/maryammahmood/own_urdf_control/build/gazebo_2_sim_pid
