[0.015s] Invoking command in '/home/maryammahmood/own_urdf_control/build/gazebo_2_sim': CMAKE_PREFIX_PATH=${CMAKE_PREFIX_PATH}:/home/maryammahmood/ws_moveit2/install/moveit_configs_utils:/home/maryammahmood/ws_moveit2/install/launch_param_builder:/opt/ros/humble /usr/bin/cmake --build /home/maryammahmood/own_urdf_control/build/gazebo_2_sim -- -j24 -l24
[0.069s] [100%] Built target joint_publisher
[0.084s] Invoked command in '/home/maryammahmood/own_urdf_control/build/gazebo_2_sim' returned '0': CMAKE_PREFIX_PATH=${CMAKE_PREFIX_PATH}:/home/maryammahmood/ws_moveit2/install/moveit_configs_utils:/home/maryammahmood/ws_moveit2/install/launch_param_builder:/opt/ros/humble /usr/bin/cmake --build /home/maryammahmood/own_urdf_control/build/gazebo_2_sim -- -j24 -l24
[0.130s] Invoking command in '/home/maryammahmood/own_urdf_control/build/gazebo_2_sim': CMAKE_PREFIX_PATH=${CMAKE_PREFIX_PATH}:/home/maryammahmood/ws_moveit2/install/moveit_configs_utils:/home/maryammahmood/ws_moveit2/install/launch_param_builder:/opt/ros/humble /usr/bin/cmake --install /home/maryammahmood/own_urdf_control/build/gazebo_2_sim
[0.137s] -- Install configuration: ""
[0.137s] -- Execute custom install script
[0.138s] -- Up-to-date symlink: /home/maryammahmood/own_urdf_control/install/gazebo_2_sim/lib/gazebo_2_sim/joint_publisher
[0.138s] -- Up-to-date symlink: /home/maryammahmood/own_urdf_control/install/gazebo_2_sim/share/gazebo_2_sim/launch/gazebo.launch.py
[0.138s] -- Up-to-date symlink: /home/maryammahmood/own_urdf_control/install/gazebo_2_sim/share/gazebo_2_sim/urdf/link2_urdf.urdf.xacro
[0.138s] -- Up-to-date symlink: /home/maryammahmood/own_urdf_control/install/gazebo_2_sim/share/gazebo_2_sim/config/joint_controller.yaml
[0.138s] -- Up-to-date symlink: /home/maryammahmood/own_urdf_control/install/gazebo_2_sim/share/gazebo_2_sim/meshes/Link_1.STL
[0.138s] -- Up-to-date symlink: /home/maryammahmood/own_urdf_control/install/gazebo_2_sim/share/gazebo_2_sim/meshes/Link_2.STL
[0.138s] -- Up-to-date symlink: /home/maryammahmood/own_urdf_control/install/gazebo_2_sim/share/gazebo_2_sim/meshes/Link_3.STL
[0.138s] -- Up-to-date symlink: /home/maryammahmood/own_urdf_control/install/gazebo_2_sim/share/gazebo_2_sim/meshes/Link_4.STL
[0.138s] -- Up-to-date symlink: /home/maryammahmood/own_urdf_control/install/gazebo_2_sim/share/gazebo_2_sim/meshes/Link_5.STL
[0.138s] -- Up-to-date symlink: /home/maryammahmood/own_urdf_control/install/gazebo_2_sim/share/gazebo_2_sim/meshes/Link_7.STL
[0.138s] -- Up-to-date symlink: /home/maryammahmood/own_urdf_control/install/gazebo_2_sim/share/gazebo_2_sim/meshes/base_claw_link1.STL
[0.138s] -- Up-to-date symlink: /home/maryammahmood/own_urdf_control/install/gazebo_2_sim/share/gazebo_2_sim/meshes/base_claw_link2.STL
[0.139s] -- Up-to-date symlink: /home/maryammahmood/own_urdf_control/install/gazebo_2_sim/share/gazebo_2_sim/meshes/base_link.STL
[0.139s] -- Up-to-date symlink: /home/maryammahmood/own_urdf_control/install/gazebo_2_sim/share/gazebo_2_sim/meshes/endeffector.STL
[0.139s] -- Up-to-date symlink: /home/maryammahmood/own_urdf_control/install/gazebo_2_sim/share/gazebo_2_sim/meshes/gear1.STL
[0.139s] -- Up-to-date symlink: /home/maryammahmood/own_urdf_control/install/gazebo_2_sim/share/gazebo_2_sim/meshes/gear1_claw.STL
[0.139s] -- Up-to-date symlink: /home/maryammahmood/own_urdf_control/install/gazebo_2_sim/share/gazebo_2_sim/meshes/gear2_claw.STL
[0.139s] -- Up-to-date symlink: /home/maryammahmood/own_urdf_control/install/gazebo_2_sim/share/gazebo_2_sim/meshes/gear2_link.STL
[0.139s] -- Up-to-date symlink: /home/maryammahmood/own_urdf_control/install/gazebo_2_sim/share/gazebo_2_sim/meshes/link_6.STL
[0.139s] -- Up-to-date symlink: /home/maryammahmood/own_urdf_control/install/gazebo_2_sim/share/ament_index/resource_index/package_run_dependencies/gazebo_2_sim
[0.139s] -- Up-to-date symlink: /home/maryammahmood/own_urdf_control/install/gazebo_2_sim/share/ament_index/resource_index/parent_prefix_path/gazebo_2_sim
[0.139s] -- Up-to-date symlink: /home/maryammahmood/own_urdf_control/install/gazebo_2_sim/share/gazebo_2_sim/environment/ament_prefix_path.sh
[0.139s] -- Up-to-date symlink: /home/maryammahmood/own_urdf_control/install/gazebo_2_sim/share/gazebo_2_sim/environment/ament_prefix_path.dsv
[0.139s] -- Up-to-date symlink: /home/maryammahmood/own_urdf_control/install/gazebo_2_sim/share/gazebo_2_sim/environment/path.sh
[0.139s] -- Up-to-date symlink: /home/maryammahmood/own_urdf_control/install/gazebo_2_sim/share/gazebo_2_sim/environment/path.dsv
[0.139s] -- Up-to-date symlink: /home/maryammahmood/own_urdf_control/install/gazebo_2_sim/share/gazebo_2_sim/local_setup.bash
[0.139s] -- Up-to-date symlink: /home/maryammahmood/own_urdf_control/install/gazebo_2_sim/share/gazebo_2_sim/local_setup.sh
[0.139s] -- Up-to-date symlink: /home/maryammahmood/own_urdf_control/install/gazebo_2_sim/share/gazebo_2_sim/local_setup.zsh
[0.139s] -- Up-to-date symlink: /home/maryammahmood/own_urdf_control/install/gazebo_2_sim/share/gazebo_2_sim/local_setup.dsv
[0.140s] -- Symlinking: /home/maryammahmood/own_urdf_control/install/gazebo_2_sim/share/gazebo_2_sim/package.dsv
[0.150s] -- Up-to-date symlink: /home/maryammahmood/own_urdf_control/install/gazebo_2_sim/share/ament_index/resource_index/packages/gazebo_2_sim
[0.150s] -- Up-to-date symlink: /home/maryammahmood/own_urdf_control/install/gazebo_2_sim/share/gazebo_2_sim/cmake/gazebo_2_simConfig.cmake
[0.151s] -- Up-to-date symlink: /home/maryammahmood/own_urdf_control/install/gazebo_2_sim/share/gazebo_2_sim/cmake/gazebo_2_simConfig-version.cmake
[0.151s] -- Up-to-date symlink: /home/maryammahmood/own_urdf_control/install/gazebo_2_sim/share/gazebo_2_sim/package.xml
[0.166s] Invoked command in '/home/maryammahmood/own_urdf_control/build/gazebo_2_sim' returned '0': CMAKE_PREFIX_PATH=${CMAKE_PREFIX_PATH}:/home/maryammahmood/ws_moveit2/install/moveit_configs_utils:/home/maryammahmood/ws_moveit2/install/launch_param_builder:/opt/ros/humble /usr/bin/cmake --install /home/maryammahmood/own_urdf_control/build/gazebo_2_sim
