[0.073s] DEBUG:colcon:Command line arguments: ['/usr/bin/colcon', 'build', '--symlink-install']
[0.073s] DEBUG:colcon:Parsed command line arguments: Namespace(log_base=None, log_level=None, verb_name='build', build_base='build', install_base='install', merge_install=False, symlink_install=True, test_result_base=None, continue_on_error=False, executor='parallel', parallel_workers=24, event_handlers=None, ignore_user_meta=False, metas=['./colcon.meta'], base_paths=['.'], packages_ignore=None, packages_ignore_regex=None, paths=None, packages_up_to=None, packages_up_to_regex=None, packages_above=None, packages_above_and_dependencies=None, packages_above_depth=None, packages_select_by_dep=None, packages_skip_by_dep=None, packages_skip_up_to=None, packages_select_build_failed=False, packages_skip_build_finished=False, packages_select_test_failures=False, packages_skip_test_passed=False, packages_select=None, packages_skip=None, packages_select_regex=None, packages_skip_regex=None, packages_start=None, packages_end=None, allow_overriding=[], cmake_args=None, cmake_target=None, cmake_target_skip_unavailable=False, cmake_clean_cache=False, cmake_clean_first=False, cmake_force_configure=False, ament_cmake_args=None, catkin_cmake_args=None, catkin_skip_building_tests=False, mixin_files=None, mixin=None, verb_parser=<colcon_mixin.mixin.mixin_argument.MixinArgumentDecorator object at 0x77b43a12f100>, verb_extension=<colcon_core.verb.build.BuildVerb object at 0x77b43a2e0160>, main=<bound method BuildVerb.main of <colcon_core.verb.build.BuildVerb object at 0x77b43a2e0160>>, mixin_verb=('build',))
[0.176s] Level 1:colcon.colcon_core.package_discovery:discover_packages(colcon_meta) check parameters
[0.176s] Level 1:colcon.colcon_core.package_discovery:discover_packages(recursive) check parameters
[0.176s] Level 1:colcon.colcon_core.package_discovery:discover_packages(ignore) check parameters
[0.176s] Level 1:colcon.colcon_core.package_discovery:discover_packages(path) check parameters
[0.176s] Level 1:colcon.colcon_core.package_discovery:discover_packages(colcon_meta) discover
[0.176s] Level 1:colcon.colcon_core.package_discovery:discover_packages(recursive) discover
[0.176s] INFO:colcon.colcon_core.package_discovery:Crawling recursively for packages in '/home/maryammahmood/own_urdf_control'
[0.176s] Level 1:colcon.colcon_core.package_identification:_identify(.) by extensions ['ignore', 'ignore_ament_install']
[0.176s] Level 1:colcon.colcon_core.package_identification:_identify(.) by extension 'ignore'
[0.176s] Level 1:colcon.colcon_core.package_identification:_identify(.) by extension 'ignore_ament_install'
[0.176s] Level 1:colcon.colcon_core.package_identification:_identify(.) by extensions ['colcon_pkg']
[0.176s] Level 1:colcon.colcon_core.package_identification:_identify(.) by extension 'colcon_pkg'
[0.176s] Level 1:colcon.colcon_core.package_identification:_identify(.) by extensions ['colcon_meta']
[0.176s] Level 1:colcon.colcon_core.package_identification:_identify(.) by extension 'colcon_meta'
[0.176s] Level 1:colcon.colcon_core.package_identification:_identify(.) by extensions ['ros']
[0.176s] Level 1:colcon.colcon_core.package_identification:_identify(.) by extension 'ros'
[0.184s] Level 1:colcon.colcon_core.package_identification:_identify(.) by extensions ['cmake', 'python']
[0.184s] Level 1:colcon.colcon_core.package_identification:_identify(.) by extension 'cmake'
[0.184s] Level 1:colcon.colcon_core.package_identification:_identify(.) by extension 'python'
[0.184s] Level 1:colcon.colcon_core.package_identification:_identify(.) by extensions ['python_setup_py']
[0.184s] Level 1:colcon.colcon_core.package_identification:_identify(.) by extension 'python_setup_py'
[0.184s] Level 1:colcon.colcon_core.package_identification:_identify(build) by extensions ['ignore', 'ignore_ament_install']
[0.184s] Level 1:colcon.colcon_core.package_identification:_identify(build) by extension 'ignore'
[0.184s] Level 1:colcon.colcon_core.package_identification:_identify(build) ignored
[0.184s] Level 1:colcon.colcon_core.package_identification:_identify(gazebo_1_sim) by extensions ['ignore', 'ignore_ament_install']
[0.184s] Level 1:colcon.colcon_core.package_identification:_identify(gazebo_1_sim) by extension 'ignore'
[0.184s] Level 1:colcon.colcon_core.package_identification:_identify(gazebo_1_sim) by extension 'ignore_ament_install'
[0.184s] Level 1:colcon.colcon_core.package_identification:_identify(gazebo_1_sim) by extensions ['colcon_pkg']
[0.184s] Level 1:colcon.colcon_core.package_identification:_identify(gazebo_1_sim) by extension 'colcon_pkg'
[0.184s] Level 1:colcon.colcon_core.package_identification:_identify(gazebo_1_sim) by extensions ['colcon_meta']
[0.184s] Level 1:colcon.colcon_core.package_identification:_identify(gazebo_1_sim) by extension 'colcon_meta'
[0.184s] Level 1:colcon.colcon_core.package_identification:_identify(gazebo_1_sim) by extensions ['ros']
[0.184s] Level 1:colcon.colcon_core.package_identification:_identify(gazebo_1_sim) by extension 'ros'
[0.186s] DEBUG:colcon.colcon_core.package_identification:Package 'gazebo_1_sim' with type 'ros.ament_cmake' and name 'gazebo_1_sim'
[0.186s] Level 1:colcon.colcon_core.package_identification:_identify(gazebo_2_sim) by extensions ['ignore', 'ignore_ament_install']
[0.186s] Level 1:colcon.colcon_core.package_identification:_identify(gazebo_2_sim) by extension 'ignore'
[0.186s] Level 1:colcon.colcon_core.package_identification:_identify(gazebo_2_sim) by extension 'ignore_ament_install'
[0.186s] Level 1:colcon.colcon_core.package_identification:_identify(gazebo_2_sim) by extensions ['colcon_pkg']
[0.186s] Level 1:colcon.colcon_core.package_identification:_identify(gazebo_2_sim) by extension 'colcon_pkg'
[0.186s] Level 1:colcon.colcon_core.package_identification:_identify(gazebo_2_sim) by extensions ['colcon_meta']
[0.186s] Level 1:colcon.colcon_core.package_identification:_identify(gazebo_2_sim) by extension 'colcon_meta'
[0.186s] Level 1:colcon.colcon_core.package_identification:_identify(gazebo_2_sim) by extensions ['ros']
[0.186s] Level 1:colcon.colcon_core.package_identification:_identify(gazebo_2_sim) by extension 'ros'
[0.187s] DEBUG:colcon.colcon_core.package_identification:Package 'gazebo_2_sim' with type 'ros.ament_cmake' and name 'gazebo_2_sim'
[0.187s] Level 1:colcon.colcon_core.package_identification:_identify(gazebo_own_urdf) by extensions ['ignore', 'ignore_ament_install']
[0.187s] Level 1:colcon.colcon_core.package_identification:_identify(gazebo_own_urdf) by extension 'ignore'
[0.187s] Level 1:colcon.colcon_core.package_identification:_identify(gazebo_own_urdf) by extension 'ignore_ament_install'
[0.187s] Level 1:colcon.colcon_core.package_identification:_identify(gazebo_own_urdf) by extensions ['colcon_pkg']
[0.187s] Level 1:colcon.colcon_core.package_identification:_identify(gazebo_own_urdf) by extension 'colcon_pkg'
[0.187s] Level 1:colcon.colcon_core.package_identification:_identify(gazebo_own_urdf) by extensions ['colcon_meta']
[0.187s] Level 1:colcon.colcon_core.package_identification:_identify(gazebo_own_urdf) by extension 'colcon_meta'
[0.187s] Level 1:colcon.colcon_core.package_identification:_identify(gazebo_own_urdf) by extensions ['ros']
[0.187s] Level 1:colcon.colcon_core.package_identification:_identify(gazebo_own_urdf) by extension 'ros'
[0.187s] DEBUG:colcon.colcon_core.package_identification:Package 'gazebo_own_urdf' with type 'ros.ament_cmake' and name 'gazebo_own_urdf'
[0.187s] Level 1:colcon.colcon_core.package_identification:_identify(install) by extensions ['ignore', 'ignore_ament_install']
[0.187s] Level 1:colcon.colcon_core.package_identification:_identify(install) by extension 'ignore'
[0.187s] Level 1:colcon.colcon_core.package_identification:_identify(install) ignored
[0.188s] Level 1:colcon.colcon_core.package_identification:_identify(log) by extensions ['ignore', 'ignore_ament_install']
[0.188s] Level 1:colcon.colcon_core.package_identification:_identify(log) by extension 'ignore'
[0.188s] Level 1:colcon.colcon_core.package_identification:_identify(log) ignored
[0.188s] Level 1:colcon.colcon_core.package_identification:_identify(src) by extensions ['ignore', 'ignore_ament_install']
[0.188s] Level 1:colcon.colcon_core.package_identification:_identify(src) by extension 'ignore'
[0.188s] Level 1:colcon.colcon_core.package_identification:_identify(src) by extension 'ignore_ament_install'
[0.188s] Level 1:colcon.colcon_core.package_identification:_identify(src) by extensions ['colcon_pkg']
[0.188s] Level 1:colcon.colcon_core.package_identification:_identify(src) by extension 'colcon_pkg'
[0.188s] Level 1:colcon.colcon_core.package_identification:_identify(src) by extensions ['colcon_meta']
[0.188s] Level 1:colcon.colcon_core.package_identification:_identify(src) by extension 'colcon_meta'
[0.188s] Level 1:colcon.colcon_core.package_identification:_identify(src) by extensions ['ros']
[0.188s] Level 1:colcon.colcon_core.package_identification:_identify(src) by extension 'ros'
[0.188s] Level 1:colcon.colcon_core.package_identification:_identify(src) by extensions ['cmake', 'python']
[0.188s] Level 1:colcon.colcon_core.package_identification:_identify(src) by extension 'cmake'
[0.188s] Level 1:colcon.colcon_core.package_identification:_identify(src) by extension 'python'
[0.188s] Level 1:colcon.colcon_core.package_identification:_identify(src) by extensions ['python_setup_py']
[0.188s] Level 1:colcon.colcon_core.package_identification:_identify(src) by extension 'python_setup_py'
[0.188s] Level 1:colcon.colcon_core.package_discovery:discover_packages(recursive) using defaults
[0.188s] Level 1:colcon.colcon_core.package_discovery:discover_packages(ignore) discover
[0.188s] Level 1:colcon.colcon_core.package_discovery:discover_packages(ignore) using defaults
[0.188s] Level 1:colcon.colcon_core.package_discovery:discover_packages(path) discover
[0.188s] Level 1:colcon.colcon_core.package_discovery:discover_packages(path) using defaults
[0.207s] Level 1:colcon.colcon_core.package_discovery:discover_packages(prefix_path) check parameters
[0.207s] Level 1:colcon.colcon_core.package_discovery:discover_packages(prefix_path) discover
[0.209s] DEBUG:colcon.colcon_installed_package_information.package_discovery:Found 4 installed packages in /home/maryammahmood/own_urdf_control/install
[0.210s] DEBUG:colcon.colcon_installed_package_information.package_discovery:Found 55 installed packages in /home/maryammahmood/ws_moveit2/install
[0.211s] DEBUG:colcon.colcon_installed_package_information.package_discovery:Found 352 installed packages in /opt/ros/humble
[0.212s] Level 1:colcon.colcon_core.package_discovery:discover_packages(prefix_path) using defaults
[0.239s] Level 5:colcon.colcon_core.verb:set package 'gazebo_1_sim' build argument 'cmake_args' from command line to 'None'
[0.239s] Level 5:colcon.colcon_core.verb:set package 'gazebo_1_sim' build argument 'cmake_target' from command line to 'None'
[0.239s] Level 5:colcon.colcon_core.verb:set package 'gazebo_1_sim' build argument 'cmake_target_skip_unavailable' from command line to 'False'
[0.239s] Level 5:colcon.colcon_core.verb:set package 'gazebo_1_sim' build argument 'cmake_clean_cache' from command line to 'False'
[0.239s] Level 5:colcon.colcon_core.verb:set package 'gazebo_1_sim' build argument 'cmake_clean_first' from command line to 'False'
[0.239s] Level 5:colcon.colcon_core.verb:set package 'gazebo_1_sim' build argument 'cmake_force_configure' from command line to 'False'
[0.239s] Level 5:colcon.colcon_core.verb:set package 'gazebo_1_sim' build argument 'ament_cmake_args' from command line to 'None'
[0.239s] Level 5:colcon.colcon_core.verb:set package 'gazebo_1_sim' build argument 'catkin_cmake_args' from command line to 'None'
[0.239s] Level 5:colcon.colcon_core.verb:set package 'gazebo_1_sim' build argument 'catkin_skip_building_tests' from command line to 'False'
[0.239s] DEBUG:colcon.colcon_core.verb:Building package 'gazebo_1_sim' with the following arguments: {'ament_cmake_args': None, 'build_base': '/home/maryammahmood/own_urdf_control/build/gazebo_1_sim', 'catkin_cmake_args': None, 'catkin_skip_building_tests': False, 'cmake_args': None, 'cmake_clean_cache': False, 'cmake_clean_first': False, 'cmake_force_configure': False, 'cmake_target': None, 'cmake_target_skip_unavailable': False, 'install_base': '/home/maryammahmood/own_urdf_control/install/gazebo_1_sim', 'merge_install': False, 'path': '/home/maryammahmood/own_urdf_control/gazebo_1_sim', 'symlink_install': True, 'test_result_base': None}
[0.240s] Level 5:colcon.colcon_core.verb:set package 'gazebo_2_sim' build argument 'cmake_args' from command line to 'None'
[0.240s] Level 5:colcon.colcon_core.verb:set package 'gazebo_2_sim' build argument 'cmake_target' from command line to 'None'
[0.240s] Level 5:colcon.colcon_core.verb:set package 'gazebo_2_sim' build argument 'cmake_target_skip_unavailable' from command line to 'False'
[0.240s] Level 5:colcon.colcon_core.verb:set package 'gazebo_2_sim' build argument 'cmake_clean_cache' from command line to 'False'
[0.240s] Level 5:colcon.colcon_core.verb:set package 'gazebo_2_sim' build argument 'cmake_clean_first' from command line to 'False'
[0.240s] Level 5:colcon.colcon_core.verb:set package 'gazebo_2_sim' build argument 'cmake_force_configure' from command line to 'False'
[0.240s] Level 5:colcon.colcon_core.verb:set package 'gazebo_2_sim' build argument 'ament_cmake_args' from command line to 'None'
[0.240s] Level 5:colcon.colcon_core.verb:set package 'gazebo_2_sim' build argument 'catkin_cmake_args' from command line to 'None'
[0.240s] Level 5:colcon.colcon_core.verb:set package 'gazebo_2_sim' build argument 'catkin_skip_building_tests' from command line to 'False'
[0.240s] DEBUG:colcon.colcon_core.verb:Building package 'gazebo_2_sim' with the following arguments: {'ament_cmake_args': None, 'build_base': '/home/maryammahmood/own_urdf_control/build/gazebo_2_sim', 'catkin_cmake_args': None, 'catkin_skip_building_tests': False, 'cmake_args': None, 'cmake_clean_cache': False, 'cmake_clean_first': False, 'cmake_force_configure': False, 'cmake_target': None, 'cmake_target_skip_unavailable': False, 'install_base': '/home/maryammahmood/own_urdf_control/install/gazebo_2_sim', 'merge_install': False, 'path': '/home/maryammahmood/own_urdf_control/gazebo_2_sim', 'symlink_install': True, 'test_result_base': None}
[0.240s] Level 5:colcon.colcon_core.verb:set package 'gazebo_own_urdf' build argument 'cmake_args' from command line to 'None'
[0.240s] Level 5:colcon.colcon_core.verb:set package 'gazebo_own_urdf' build argument 'cmake_target' from command line to 'None'
[0.240s] Level 5:colcon.colcon_core.verb:set package 'gazebo_own_urdf' build argument 'cmake_target_skip_unavailable' from command line to 'False'
[0.240s] Level 5:colcon.colcon_core.verb:set package 'gazebo_own_urdf' build argument 'cmake_clean_cache' from command line to 'False'
[0.240s] Level 5:colcon.colcon_core.verb:set package 'gazebo_own_urdf' build argument 'cmake_clean_first' from command line to 'False'
[0.240s] Level 5:colcon.colcon_core.verb:set package 'gazebo_own_urdf' build argument 'cmake_force_configure' from command line to 'False'
[0.240s] Level 5:colcon.colcon_core.verb:set package 'gazebo_own_urdf' build argument 'ament_cmake_args' from command line to 'None'
[0.240s] Level 5:colcon.colcon_core.verb:set package 'gazebo_own_urdf' build argument 'catkin_cmake_args' from command line to 'None'
[0.240s] Level 5:colcon.colcon_core.verb:set package 'gazebo_own_urdf' build argument 'catkin_skip_building_tests' from command line to 'False'
[0.240s] DEBUG:colcon.colcon_core.verb:Building package 'gazebo_own_urdf' with the following arguments: {'ament_cmake_args': None, 'build_base': '/home/maryammahmood/own_urdf_control/build/gazebo_own_urdf', 'catkin_cmake_args': None, 'catkin_skip_building_tests': False, 'cmake_args': None, 'cmake_clean_cache': False, 'cmake_clean_first': False, 'cmake_force_configure': False, 'cmake_target': None, 'cmake_target_skip_unavailable': False, 'install_base': '/home/maryammahmood/own_urdf_control/install/gazebo_own_urdf', 'merge_install': False, 'path': '/home/maryammahmood/own_urdf_control/gazebo_own_urdf', 'symlink_install': True, 'test_result_base': None}
[0.240s] INFO:colcon.colcon_core.executor:Executing jobs using 'parallel' executor
[0.241s] DEBUG:colcon.colcon_parallel_executor.executor.parallel:run_until_complete
[0.241s] INFO:colcon.colcon_ros.task.ament_cmake.build:Building ROS package in '/home/maryammahmood/own_urdf_control/gazebo_1_sim' with build type 'ament_cmake'
[0.241s] INFO:colcon.colcon_cmake.task.cmake.build:Building CMake package in '/home/maryammahmood/own_urdf_control/gazebo_1_sim'
[0.242s] INFO:colcon.colcon_core.plugin_system:Skipping extension 'colcon_core.shell.bat': Not used on non-Windows systems
[0.243s] INFO:colcon.colcon_core.shell:Skip shell extension 'powershell' for command environment: Not usable outside of PowerShell
[0.243s] DEBUG:colcon.colcon_core.shell:Skip shell extension 'dsv' for command environment
[0.247s] INFO:colcon.colcon_ros.task.ament_cmake.build:Building ROS package in '/home/maryammahmood/own_urdf_control/gazebo_2_sim' with build type 'ament_cmake'
[0.247s] INFO:colcon.colcon_cmake.task.cmake.build:Building CMake package in '/home/maryammahmood/own_urdf_control/gazebo_2_sim'
[0.247s] INFO:colcon.colcon_core.shell:Skip shell extension 'powershell' for command environment: Not usable outside of PowerShell
[0.247s] DEBUG:colcon.colcon_core.shell:Skip shell extension 'dsv' for command environment
[0.251s] INFO:colcon.colcon_ros.task.ament_cmake.build:Building ROS package in '/home/maryammahmood/own_urdf_control/gazebo_own_urdf' with build type 'ament_cmake'
[0.251s] INFO:colcon.colcon_cmake.task.cmake.build:Building CMake package in '/home/maryammahmood/own_urdf_control/gazebo_own_urdf'
[0.251s] INFO:colcon.colcon_core.shell:Skip shell extension 'powershell' for command environment: Not usable outside of PowerShell
[0.251s] DEBUG:colcon.colcon_core.shell:Skip shell extension 'dsv' for command environment
[0.258s] DEBUG:colcon.colcon_core.event_handler.log_command:Invoking command in '/home/maryammahmood/own_urdf_control/build/gazebo_1_sim': CMAKE_PREFIX_PATH=${CMAKE_PREFIX_PATH}:/home/maryammahmood/ws_moveit2/install/moveit_configs_utils:/home/maryammahmood/ws_moveit2/install/launch_param_builder:/opt/ros/humble /usr/bin/cmake --build /home/maryammahmood/own_urdf_control/build/gazebo_1_sim -- -j24 -l24
[0.260s] DEBUG:colcon.colcon_core.event_handler.log_command:Invoking command in '/home/maryammahmood/own_urdf_control/build/gazebo_2_sim': CMAKE_PREFIX_PATH=${CMAKE_PREFIX_PATH}:/home/maryammahmood/ws_moveit2/install/moveit_configs_utils:/home/maryammahmood/ws_moveit2/install/launch_param_builder:/opt/ros/humble /usr/bin/cmake --build /home/maryammahmood/own_urdf_control/build/gazebo_2_sim -- -j24 -l24
[0.262s] DEBUG:colcon.colcon_core.event_handler.log_command:Invoking command in '/home/maryammahmood/own_urdf_control/build/gazebo_own_urdf': CMAKE_PREFIX_PATH=${CMAKE_PREFIX_PATH}:/home/maryammahmood/ws_moveit2/install/moveit_configs_utils:/home/maryammahmood/ws_moveit2/install/launch_param_builder:/opt/ros/humble /usr/bin/cmake --build /home/maryammahmood/own_urdf_control/build/gazebo_own_urdf -- -j24 -l24
[0.328s] DEBUG:colcon.colcon_core.event_handler.log_command:Invoked command in '/home/maryammahmood/own_urdf_control/build/gazebo_2_sim' returned '0': CMAKE_PREFIX_PATH=${CMAKE_PREFIX_PATH}:/home/maryammahmood/ws_moveit2/install/moveit_configs_utils:/home/maryammahmood/ws_moveit2/install/launch_param_builder:/opt/ros/humble /usr/bin/cmake --build /home/maryammahmood/own_urdf_control/build/gazebo_2_sim -- -j24 -l24
[0.330s] DEBUG:colcon.colcon_core.event_handler.log_command:Invoked command in '/home/maryammahmood/own_urdf_control/build/gazebo_1_sim' returned '0': CMAKE_PREFIX_PATH=${CMAKE_PREFIX_PATH}:/home/maryammahmood/ws_moveit2/install/moveit_configs_utils:/home/maryammahmood/ws_moveit2/install/launch_param_builder:/opt/ros/humble /usr/bin/cmake --build /home/maryammahmood/own_urdf_control/build/gazebo_1_sim -- -j24 -l24
[0.331s] DEBUG:colcon.colcon_core.event_handler.log_command:Invoked command in '/home/maryammahmood/own_urdf_control/build/gazebo_own_urdf' returned '0': CMAKE_PREFIX_PATH=${CMAKE_PREFIX_PATH}:/home/maryammahmood/ws_moveit2/install/moveit_configs_utils:/home/maryammahmood/ws_moveit2/install/launch_param_builder:/opt/ros/humble /usr/bin/cmake --build /home/maryammahmood/own_urdf_control/build/gazebo_own_urdf -- -j24 -l24
[0.371s] DEBUG:colcon.colcon_core.event_handler.log_command:Invoking command in '/home/maryammahmood/own_urdf_control/build/gazebo_2_sim': CMAKE_PREFIX_PATH=${CMAKE_PREFIX_PATH}:/home/maryammahmood/ws_moveit2/install/moveit_configs_utils:/home/maryammahmood/ws_moveit2/install/launch_param_builder:/opt/ros/humble /usr/bin/cmake --install /home/maryammahmood/own_urdf_control/build/gazebo_2_sim
[0.373s] DEBUG:colcon.colcon_core.event_handler.log_command:Invoking command in '/home/maryammahmood/own_urdf_control/build/gazebo_own_urdf': CMAKE_PREFIX_PATH=${CMAKE_PREFIX_PATH}:/home/maryammahmood/ws_moveit2/install/moveit_configs_utils:/home/maryammahmood/ws_moveit2/install/launch_param_builder:/opt/ros/humble /usr/bin/cmake --install /home/maryammahmood/own_urdf_control/build/gazebo_own_urdf
[0.374s] DEBUG:colcon.colcon_core.event_handler.log_command:Invoking command in '/home/maryammahmood/own_urdf_control/build/gazebo_1_sim': CMAKE_PREFIX_PATH=${CMAKE_PREFIX_PATH}:/home/maryammahmood/ws_moveit2/install/moveit_configs_utils:/home/maryammahmood/ws_moveit2/install/launch_param_builder:/opt/ros/humble /usr/bin/cmake --install /home/maryammahmood/own_urdf_control/build/gazebo_1_sim
[0.392s] Level 1:colcon.colcon_core.environment:create_environment_scripts_only(gazebo_2_sim)
[0.393s] DEBUG:colcon.colcon_core.event_handler.log_command:Invoked command in '/home/maryammahmood/own_urdf_control/build/gazebo_2_sim' returned '0': CMAKE_PREFIX_PATH=${CMAKE_PREFIX_PATH}:/home/maryammahmood/ws_moveit2/install/moveit_configs_utils:/home/maryammahmood/ws_moveit2/install/launch_param_builder:/opt/ros/humble /usr/bin/cmake --install /home/maryammahmood/own_urdf_control/build/gazebo_2_sim
[0.395s] Level 1:colcon.colcon_core.environment:checking '/home/maryammahmood/own_urdf_control/install/gazebo_2_sim' for CMake module files
[0.396s] Level 1:colcon.colcon_core.environment:checking '/home/maryammahmood/own_urdf_control/install/gazebo_2_sim' for CMake config files
[0.396s] Level 1:colcon.colcon_core.shell:create_environment_hook('gazebo_2_sim', 'cmake_prefix_path')
[0.396s] INFO:colcon.colcon_core.shell:Creating environment hook '/home/maryammahmood/own_urdf_control/install/gazebo_2_sim/share/gazebo_2_sim/hook/cmake_prefix_path.ps1'
[0.397s] INFO:colcon.colcon_core.shell:Creating environment descriptor '/home/maryammahmood/own_urdf_control/install/gazebo_2_sim/share/gazebo_2_sim/hook/cmake_prefix_path.dsv'
[0.397s] INFO:colcon.colcon_core.shell:Creating environment hook '/home/maryammahmood/own_urdf_control/install/gazebo_2_sim/share/gazebo_2_sim/hook/cmake_prefix_path.sh'
[0.398s] Level 1:colcon.colcon_core.environment:checking '/home/maryammahmood/own_urdf_control/install/gazebo_2_sim/lib'
[0.398s] Level 1:colcon.colcon_core.environment:checking '/home/maryammahmood/own_urdf_control/install/gazebo_2_sim/bin'
[0.398s] Level 1:colcon.colcon_core.environment:checking '/home/maryammahmood/own_urdf_control/install/gazebo_2_sim/lib/pkgconfig/gazebo_2_sim.pc'
[0.398s] Level 1:colcon.colcon_core.environment:checking '/home/maryammahmood/own_urdf_control/install/gazebo_2_sim/lib/python3.10/site-packages'
[0.398s] Level 1:colcon.colcon_core.environment:checking '/home/maryammahmood/own_urdf_control/install/gazebo_2_sim/bin'
[0.398s] INFO:colcon.colcon_core.shell:Creating package script '/home/maryammahmood/own_urdf_control/install/gazebo_2_sim/share/gazebo_2_sim/package.ps1'
[0.399s] INFO:colcon.colcon_core.shell:Creating package descriptor '/home/maryammahmood/own_urdf_control/install/gazebo_2_sim/share/gazebo_2_sim/package.dsv'
[0.399s] INFO:colcon.colcon_core.shell:Creating package script '/home/maryammahmood/own_urdf_control/install/gazebo_2_sim/share/gazebo_2_sim/package.sh'
[0.399s] INFO:colcon.colcon_core.shell:Creating package script '/home/maryammahmood/own_urdf_control/install/gazebo_2_sim/share/gazebo_2_sim/package.bash'
[0.400s] INFO:colcon.colcon_core.shell:Creating package script '/home/maryammahmood/own_urdf_control/install/gazebo_2_sim/share/gazebo_2_sim/package.zsh'
[0.400s] Level 1:colcon.colcon_core.environment:create_file_with_runtime_dependencies(/home/maryammahmood/own_urdf_control/install/gazebo_2_sim/share/colcon-core/packages/gazebo_2_sim)
[0.402s] Level 1:colcon.colcon_core.environment:create_environment_scripts_only(gazebo_1_sim)
[0.402s] Level 1:colcon.colcon_core.environment:checking '/home/maryammahmood/own_urdf_control/install/gazebo_1_sim' for CMake module files
[0.402s] DEBUG:colcon.colcon_core.event_handler.log_command:Invoked command in '/home/maryammahmood/own_urdf_control/build/gazebo_1_sim' returned '0': CMAKE_PREFIX_PATH=${CMAKE_PREFIX_PATH}:/home/maryammahmood/ws_moveit2/install/moveit_configs_utils:/home/maryammahmood/ws_moveit2/install/launch_param_builder:/opt/ros/humble /usr/bin/cmake --install /home/maryammahmood/own_urdf_control/build/gazebo_1_sim
[0.403s] Level 1:colcon.colcon_core.environment:checking '/home/maryammahmood/own_urdf_control/install/gazebo_1_sim' for CMake config files
[0.403s] Level 1:colcon.colcon_core.shell:create_environment_hook('gazebo_1_sim', 'cmake_prefix_path')
[0.403s] INFO:colcon.colcon_core.shell:Creating environment hook '/home/maryammahmood/own_urdf_control/install/gazebo_1_sim/share/gazebo_1_sim/hook/cmake_prefix_path.ps1'
[0.403s] INFO:colcon.colcon_core.shell:Creating environment descriptor '/home/maryammahmood/own_urdf_control/install/gazebo_1_sim/share/gazebo_1_sim/hook/cmake_prefix_path.dsv'
[0.404s] INFO:colcon.colcon_core.shell:Creating environment hook '/home/maryammahmood/own_urdf_control/install/gazebo_1_sim/share/gazebo_1_sim/hook/cmake_prefix_path.sh'
[0.404s] Level 1:colcon.colcon_core.environment:checking '/home/maryammahmood/own_urdf_control/install/gazebo_1_sim/lib'
[0.404s] Level 1:colcon.colcon_core.environment:checking '/home/maryammahmood/own_urdf_control/install/gazebo_1_sim/bin'
[0.404s] Level 1:colcon.colcon_core.environment:checking '/home/maryammahmood/own_urdf_control/install/gazebo_1_sim/lib/pkgconfig/gazebo_1_sim.pc'
[0.404s] Level 1:colcon.colcon_core.environment:checking '/home/maryammahmood/own_urdf_control/install/gazebo_1_sim/lib/python3.10/site-packages'
[0.404s] Level 1:colcon.colcon_core.environment:checking '/home/maryammahmood/own_urdf_control/install/gazebo_1_sim/bin'
[0.404s] INFO:colcon.colcon_core.shell:Creating package script '/home/maryammahmood/own_urdf_control/install/gazebo_1_sim/share/gazebo_1_sim/package.ps1'
[0.405s] INFO:colcon.colcon_core.shell:Creating package descriptor '/home/maryammahmood/own_urdf_control/install/gazebo_1_sim/share/gazebo_1_sim/package.dsv'
[0.405s] INFO:colcon.colcon_core.shell:Creating package script '/home/maryammahmood/own_urdf_control/install/gazebo_1_sim/share/gazebo_1_sim/package.sh'
[0.405s] INFO:colcon.colcon_core.shell:Creating package script '/home/maryammahmood/own_urdf_control/install/gazebo_1_sim/share/gazebo_1_sim/package.bash'
[0.405s] INFO:colcon.colcon_core.shell:Creating package script '/home/maryammahmood/own_urdf_control/install/gazebo_1_sim/share/gazebo_1_sim/package.zsh'
[0.405s] Level 1:colcon.colcon_core.environment:create_file_with_runtime_dependencies(/home/maryammahmood/own_urdf_control/install/gazebo_1_sim/share/colcon-core/packages/gazebo_1_sim)
[0.406s] Level 1:colcon.colcon_core.environment:create_environment_scripts_only(gazebo_own_urdf)
[0.407s] Level 1:colcon.colcon_core.environment:checking '/home/maryammahmood/own_urdf_control/install/gazebo_own_urdf' for CMake module files
[0.407s] DEBUG:colcon.colcon_core.event_handler.log_command:Invoked command in '/home/maryammahmood/own_urdf_control/build/gazebo_own_urdf' returned '0': CMAKE_PREFIX_PATH=${CMAKE_PREFIX_PATH}:/home/maryammahmood/ws_moveit2/install/moveit_configs_utils:/home/maryammahmood/ws_moveit2/install/launch_param_builder:/opt/ros/humble /usr/bin/cmake --install /home/maryammahmood/own_urdf_control/build/gazebo_own_urdf
[0.407s] Level 1:colcon.colcon_core.environment:checking '/home/maryammahmood/own_urdf_control/install/gazebo_own_urdf' for CMake config files
[0.407s] Level 1:colcon.colcon_core.shell:create_environment_hook('gazebo_own_urdf', 'cmake_prefix_path')
[0.407s] INFO:colcon.colcon_core.shell:Creating environment hook '/home/maryammahmood/own_urdf_control/install/gazebo_own_urdf/share/gazebo_own_urdf/hook/cmake_prefix_path.ps1'
[0.408s] INFO:colcon.colcon_core.shell:Creating environment descriptor '/home/maryammahmood/own_urdf_control/install/gazebo_own_urdf/share/gazebo_own_urdf/hook/cmake_prefix_path.dsv'
[0.408s] INFO:colcon.colcon_core.shell:Creating environment hook '/home/maryammahmood/own_urdf_control/install/gazebo_own_urdf/share/gazebo_own_urdf/hook/cmake_prefix_path.sh'
[0.408s] Level 1:colcon.colcon_core.environment:checking '/home/maryammahmood/own_urdf_control/install/gazebo_own_urdf/lib'
[0.408s] Level 1:colcon.colcon_core.environment:checking '/home/maryammahmood/own_urdf_control/install/gazebo_own_urdf/bin'
[0.408s] Level 1:colcon.colcon_core.environment:checking '/home/maryammahmood/own_urdf_control/install/gazebo_own_urdf/lib/pkgconfig/gazebo_own_urdf.pc'
[0.408s] Level 1:colcon.colcon_core.environment:checking '/home/maryammahmood/own_urdf_control/install/gazebo_own_urdf/lib/python3.10/site-packages'
[0.409s] Level 1:colcon.colcon_core.environment:checking '/home/maryammahmood/own_urdf_control/install/gazebo_own_urdf/bin'
[0.409s] INFO:colcon.colcon_core.shell:Creating package script '/home/maryammahmood/own_urdf_control/install/gazebo_own_urdf/share/gazebo_own_urdf/package.ps1'
[0.409s] INFO:colcon.colcon_core.shell:Creating package descriptor '/home/maryammahmood/own_urdf_control/install/gazebo_own_urdf/share/gazebo_own_urdf/package.dsv'
[0.409s] INFO:colcon.colcon_core.shell:Creating package script '/home/maryammahmood/own_urdf_control/install/gazebo_own_urdf/share/gazebo_own_urdf/package.sh'
[0.409s] INFO:colcon.colcon_core.shell:Creating package script '/home/maryammahmood/own_urdf_control/install/gazebo_own_urdf/share/gazebo_own_urdf/package.bash'
[0.410s] INFO:colcon.colcon_core.shell:Creating package script '/home/maryammahmood/own_urdf_control/install/gazebo_own_urdf/share/gazebo_own_urdf/package.zsh'
[0.410s] Level 1:colcon.colcon_core.environment:create_file_with_runtime_dependencies(/home/maryammahmood/own_urdf_control/install/gazebo_own_urdf/share/colcon-core/packages/gazebo_own_urdf)
[0.434s] Level 1:colcon.colcon_core.environment:create_environment_scripts_only(gazebo_2_sim)
[0.434s] Level 1:colcon.colcon_core.environment:checking '/home/maryammahmood/own_urdf_control/install/gazebo_2_sim' for CMake module files
[0.435s] Level 1:colcon.colcon_core.environment:checking '/home/maryammahmood/own_urdf_control/install/gazebo_2_sim' for CMake config files
[0.435s] Level 1:colcon.colcon_core.shell:create_environment_hook('gazebo_2_sim', 'cmake_prefix_path')
[0.435s] INFO:colcon.colcon_core.shell:Creating environment hook '/home/maryammahmood/own_urdf_control/install/gazebo_2_sim/share/gazebo_2_sim/hook/cmake_prefix_path.ps1'
[0.435s] INFO:colcon.colcon_core.shell:Creating environment descriptor '/home/maryammahmood/own_urdf_control/install/gazebo_2_sim/share/gazebo_2_sim/hook/cmake_prefix_path.dsv'
[0.436s] INFO:colcon.colcon_core.shell:Creating environment hook '/home/maryammahmood/own_urdf_control/install/gazebo_2_sim/share/gazebo_2_sim/hook/cmake_prefix_path.sh'
[0.436s] Level 1:colcon.colcon_core.environment:checking '/home/maryammahmood/own_urdf_control/install/gazebo_2_sim/lib'
[0.436s] Level 1:colcon.colcon_core.environment:checking '/home/maryammahmood/own_urdf_control/install/gazebo_2_sim/bin'
[0.436s] Level 1:colcon.colcon_core.environment:checking '/home/maryammahmood/own_urdf_control/install/gazebo_2_sim/lib/pkgconfig/gazebo_2_sim.pc'
[0.436s] Level 1:colcon.colcon_core.environment:checking '/home/maryammahmood/own_urdf_control/install/gazebo_2_sim/lib/python3.10/site-packages'
[0.436s] Level 1:colcon.colcon_core.environment:checking '/home/maryammahmood/own_urdf_control/install/gazebo_2_sim/bin'
[0.436s] INFO:colcon.colcon_core.shell:Creating package script '/home/maryammahmood/own_urdf_control/install/gazebo_2_sim/share/gazebo_2_sim/package.ps1'
[0.437s] INFO:colcon.colcon_core.shell:Creating package descriptor '/home/maryammahmood/own_urdf_control/install/gazebo_2_sim/share/gazebo_2_sim/package.dsv'
[0.437s] INFO:colcon.colcon_core.shell:Creating package script '/home/maryammahmood/own_urdf_control/install/gazebo_2_sim/share/gazebo_2_sim/package.sh'
[0.437s] INFO:colcon.colcon_core.shell:Creating package script '/home/maryammahmood/own_urdf_control/install/gazebo_2_sim/share/gazebo_2_sim/package.bash'
[0.437s] INFO:colcon.colcon_core.shell:Creating package script '/home/maryammahmood/own_urdf_control/install/gazebo_2_sim/share/gazebo_2_sim/package.zsh'
[0.438s] Level 1:colcon.colcon_core.environment:create_file_with_runtime_dependencies(/home/maryammahmood/own_urdf_control/install/gazebo_2_sim/share/colcon-core/packages/gazebo_2_sim)
[0.438s] Level 1:colcon.colcon_core.environment:create_environment_scripts_only(gazebo_1_sim)
[0.438s] Level 1:colcon.colcon_core.environment:checking '/home/maryammahmood/own_urdf_control/install/gazebo_1_sim' for CMake module files
[0.439s] Level 1:colcon.colcon_core.environment:checking '/home/maryammahmood/own_urdf_control/install/gazebo_1_sim' for CMake config files
[0.439s] Level 1:colcon.colcon_core.shell:create_environment_hook('gazebo_1_sim', 'cmake_prefix_path')
[0.439s] INFO:colcon.colcon_core.shell:Creating environment hook '/home/maryammahmood/own_urdf_control/install/gazebo_1_sim/share/gazebo_1_sim/hook/cmake_prefix_path.ps1'
[0.439s] INFO:colcon.colcon_core.shell:Creating environment descriptor '/home/maryammahmood/own_urdf_control/install/gazebo_1_sim/share/gazebo_1_sim/hook/cmake_prefix_path.dsv'
[0.439s] INFO:colcon.colcon_core.shell:Creating environment hook '/home/maryammahmood/own_urdf_control/install/gazebo_1_sim/share/gazebo_1_sim/hook/cmake_prefix_path.sh'
[0.440s] Level 1:colcon.colcon_core.environment:checking '/home/maryammahmood/own_urdf_control/install/gazebo_1_sim/lib'
[0.440s] Level 1:colcon.colcon_core.environment:checking '/home/maryammahmood/own_urdf_control/install/gazebo_1_sim/bin'
[0.440s] Level 1:colcon.colcon_core.environment:checking '/home/maryammahmood/own_urdf_control/install/gazebo_1_sim/lib/pkgconfig/gazebo_1_sim.pc'
[0.440s] Level 1:colcon.colcon_core.environment:checking '/home/maryammahmood/own_urdf_control/install/gazebo_1_sim/lib/python3.10/site-packages'
[0.440s] Level 1:colcon.colcon_core.environment:checking '/home/maryammahmood/own_urdf_control/install/gazebo_1_sim/bin'
[0.440s] INFO:colcon.colcon_core.shell:Creating package script '/home/maryammahmood/own_urdf_control/install/gazebo_1_sim/share/gazebo_1_sim/package.ps1'
[0.441s] INFO:colcon.colcon_core.shell:Creating package descriptor '/home/maryammahmood/own_urdf_control/install/gazebo_1_sim/share/gazebo_1_sim/package.dsv'
[0.441s] INFO:colcon.colcon_core.shell:Creating package script '/home/maryammahmood/own_urdf_control/install/gazebo_1_sim/share/gazebo_1_sim/package.sh'
[0.441s] INFO:colcon.colcon_core.shell:Creating package script '/home/maryammahmood/own_urdf_control/install/gazebo_1_sim/share/gazebo_1_sim/package.bash'
[0.441s] INFO:colcon.colcon_core.shell:Creating package script '/home/maryammahmood/own_urdf_control/install/gazebo_1_sim/share/gazebo_1_sim/package.zsh'
[0.442s] Level 1:colcon.colcon_core.environment:create_file_with_runtime_dependencies(/home/maryammahmood/own_urdf_control/install/gazebo_1_sim/share/colcon-core/packages/gazebo_1_sim)
[0.444s] Level 1:colcon.colcon_core.environment:create_environment_scripts_only(gazebo_own_urdf)
[0.444s] Level 1:colcon.colcon_core.environment:checking '/home/maryammahmood/own_urdf_control/install/gazebo_own_urdf' for CMake module files
[0.445s] Level 1:colcon.colcon_core.environment:checking '/home/maryammahmood/own_urdf_control/install/gazebo_own_urdf' for CMake config files
[0.445s] Level 1:colcon.colcon_core.shell:create_environment_hook('gazebo_own_urdf', 'cmake_prefix_path')
[0.445s] INFO:colcon.colcon_core.shell:Creating environment hook '/home/maryammahmood/own_urdf_control/install/gazebo_own_urdf/share/gazebo_own_urdf/hook/cmake_prefix_path.ps1'
[0.445s] INFO:colcon.colcon_core.shell:Creating environment descriptor '/home/maryammahmood/own_urdf_control/install/gazebo_own_urdf/share/gazebo_own_urdf/hook/cmake_prefix_path.dsv'
[0.446s] INFO:colcon.colcon_core.shell:Creating environment hook '/home/maryammahmood/own_urdf_control/install/gazebo_own_urdf/share/gazebo_own_urdf/hook/cmake_prefix_path.sh'
[0.446s] Level 1:colcon.colcon_core.environment:checking '/home/maryammahmood/own_urdf_control/install/gazebo_own_urdf/lib'
[0.446s] Level 1:colcon.colcon_core.environment:checking '/home/maryammahmood/own_urdf_control/install/gazebo_own_urdf/bin'
[0.446s] Level 1:colcon.colcon_core.environment:checking '/home/maryammahmood/own_urdf_control/install/gazebo_own_urdf/lib/pkgconfig/gazebo_own_urdf.pc'
[0.446s] Level 1:colcon.colcon_core.environment:checking '/home/maryammahmood/own_urdf_control/install/gazebo_own_urdf/lib/python3.10/site-packages'
[0.446s] Level 1:colcon.colcon_core.environment:checking '/home/maryammahmood/own_urdf_control/install/gazebo_own_urdf/bin'
[0.446s] INFO:colcon.colcon_core.shell:Creating package script '/home/maryammahmood/own_urdf_control/install/gazebo_own_urdf/share/gazebo_own_urdf/package.ps1'
[0.447s] INFO:colcon.colcon_core.shell:Creating package descriptor '/home/maryammahmood/own_urdf_control/install/gazebo_own_urdf/share/gazebo_own_urdf/package.dsv'
[0.447s] INFO:colcon.colcon_core.shell:Creating package script '/home/maryammahmood/own_urdf_control/install/gazebo_own_urdf/share/gazebo_own_urdf/package.sh'
[0.447s] INFO:colcon.colcon_core.shell:Creating package script '/home/maryammahmood/own_urdf_control/install/gazebo_own_urdf/share/gazebo_own_urdf/package.bash'
[0.447s] INFO:colcon.colcon_core.shell:Creating package script '/home/maryammahmood/own_urdf_control/install/gazebo_own_urdf/share/gazebo_own_urdf/package.zsh'
[0.448s] Level 1:colcon.colcon_core.environment:create_file_with_runtime_dependencies(/home/maryammahmood/own_urdf_control/install/gazebo_own_urdf/share/colcon-core/packages/gazebo_own_urdf)
[0.448s] DEBUG:colcon.colcon_parallel_executor.executor.parallel:closing loop
[0.448s] DEBUG:colcon.colcon_parallel_executor.executor.parallel:loop closed
[0.448s] DEBUG:colcon.colcon_parallel_executor.executor.parallel:run_until_complete finished with '0'
[0.448s] DEBUG:colcon.colcon_core.event_reactor:joining thread
[0.451s] INFO:colcon.colcon_core.plugin_system:Skipping extension 'colcon_notification.desktop_notification.terminal_notifier': Not used on non-Darwin systems
[0.451s] INFO:colcon.colcon_core.plugin_system:Skipping extension 'colcon_notification.desktop_notification.win32': Not used on non-Windows systems
[0.451s] INFO:colcon.colcon_notification.desktop_notification:Sending desktop notification using 'notify2'
[0.459s] DEBUG:colcon.colcon_core.event_reactor:joined thread
[0.460s] INFO:colcon.colcon_core.shell:Creating prefix script '/home/maryammahmood/own_urdf_control/install/local_setup.ps1'
[0.460s] INFO:colcon.colcon_core.shell:Creating prefix util module '/home/maryammahmood/own_urdf_control/install/_local_setup_util_ps1.py'
[0.461s] INFO:colcon.colcon_core.shell:Creating prefix chain script '/home/maryammahmood/own_urdf_control/install/setup.ps1'
[0.463s] INFO:colcon.colcon_core.shell:Creating prefix script '/home/maryammahmood/own_urdf_control/install/local_setup.sh'
[0.463s] INFO:colcon.colcon_core.shell:Creating prefix util module '/home/maryammahmood/own_urdf_control/install/_local_setup_util_sh.py'
[0.464s] INFO:colcon.colcon_core.shell:Creating prefix chain script '/home/maryammahmood/own_urdf_control/install/setup.sh'
[0.465s] INFO:colcon.colcon_core.shell:Creating prefix script '/home/maryammahmood/own_urdf_control/install/local_setup.bash'
[0.465s] INFO:colcon.colcon_core.shell:Creating prefix chain script '/home/maryammahmood/own_urdf_control/install/setup.bash'
[0.467s] INFO:colcon.colcon_core.shell:Creating prefix script '/home/maryammahmood/own_urdf_control/install/local_setup.zsh'
[0.467s] INFO:colcon.colcon_core.shell:Creating prefix chain script '/home/maryammahmood/own_urdf_control/install/setup.zsh'
