[0.010s] Invoking command in '/home/maryammahmood/own_urdf_control/build/gazebo_1_sim': CMAKE_PREFIX_PATH=${CMAKE_PREFIX_PATH}:/home/maryammahmood/ws_moveit2/install/moveit_configs_utils:/home/maryammahmood/ws_moveit2/install/launch_param_builder:/opt/ros/humble /usr/bin/cmake /home/maryammahmood/own_urdf_control/gazebo_1_sim -DCMAKE_INSTALL_PREFIX=/home/maryammahmood/own_urdf_control/install/gazebo_1_sim
[0.096s] -- The C compiler identification is GNU 11.4.0
[0.169s] -- The CXX compiler identification is GNU 11.4.0
[0.176s] -- Detecting C compiler ABI info
[0.255s] -- Detecting C compiler ABI info - done
[0.263s] -- Check for working C compiler: /usr/bin/cc - skipped
[0.263s] -- Detecting C compile features
[0.264s] -- Detecting C compile features - done
[0.266s] -- Detecting CXX compiler ABI info
[0.339s] -- Detecting CXX compiler ABI info - done
[0.346s] -- Check for working CXX compiler: /usr/bin/c++ - skipped
[0.346s] -- Detecting CXX compile features
[0.346s] -- Detecting CXX compile features - done
[0.352s] -- Found ament_cmake: 1.3.10 (/opt/ros/humble/share/ament_cmake/cmake)
[0.496s] -- Found Python3: /usr/bin/python3 (found version "3.10.12") found components: Interpreter 
[0.603s] -- Found rclcpp: 16.0.10 (/opt/ros/humble/share/rclcpp/cmake)
[0.678s] -- Found rosidl_generator_c: 3.1.5 (/opt/ros/humble/share/rosidl_generator_c/cmake)
[0.686s] -- Found rosidl_adapter: 3.1.5 (/opt/ros/humble/share/rosidl_adapter/cmake)
[0.697s] -- Found rosidl_generator_cpp: 3.1.5 (/opt/ros/humble/share/rosidl_generator_cpp/cmake)
[0.731s] -- Using all available rosidl_typesupport_c: rosidl_typesupport_fastrtps_c;rosidl_typesupport_introspection_c
[0.753s] -- Using all available rosidl_typesupport_cpp: rosidl_typesupport_fastrtps_cpp;rosidl_typesupport_introspection_cpp
[0.811s] -- Found rmw_implementation_cmake: 6.1.2 (/opt/ros/humble/share/rmw_implementation_cmake/cmake)
[0.817s] -- Found rmw_fastrtps_cpp: 6.2.7 (/opt/ros/humble/share/rmw_fastrtps_cpp/cmake)
[0.957s] -- Found OpenSSL: /usr/lib/x86_64-linux-gnu/libcrypto.so (found version "3.0.2")  
[0.985s] -- Found FastRTPS: /opt/ros/humble/include  
[1.022s] -- Using RMW implementation 'rmw_fastrtps_cpp' as default
[1.039s] -- Looking for pthread.h
[1.118s] -- Looking for pthread.h - found
[1.118s] -- Performing Test CMAKE_HAVE_LIBC_PTHREAD
[1.191s] -- Performing Test CMAKE_HAVE_LIBC_PTHREAD - Success
[1.192s] -- Found Threads: TRUE  
[1.248s] -- Found trajectory_msgs: 4.2.4 (/opt/ros/humble/share/trajectory_msgs/cmake)
[1.279s] -- Found ament_lint_auto: 0.12.11 (/opt/ros/humble/share/ament_lint_auto/cmake)
[1.355s] -- Added test 'cppcheck' to perform static code analysis on C / C++ code
[1.355s] -- Configured cppcheck include dirs: 
[1.355s] -- Configured cppcheck exclude dirs and/or files: 
[1.356s] -- Added test 'flake8' to check Python code syntax and style conventions
[1.357s] -- Added test 'lint_cmake' to check CMake code style
[1.358s] -- Added test 'pep257' to check Python code against some of the docstring style conventions in PEP 257
[1.359s] -- Added test 'uncrustify' to check C / C++ code style
[1.359s] -- Configured uncrustify additional arguments: 
[1.360s] -- Added test 'xmllint' to check XML markup files
[1.361s] -- Configuring done
[1.367s] -- Generating done
[1.367s] -- Build files have been written to: /home/maryammahmood/own_urdf_control/build/gazebo_1_sim
[1.373s] Invoked command in '/home/maryammahmood/own_urdf_control/build/gazebo_1_sim' returned '0': CMAKE_PREFIX_PATH=${CMAKE_PREFIX_PATH}:/home/maryammahmood/ws_moveit2/install/moveit_configs_utils:/home/maryammahmood/ws_moveit2/install/launch_param_builder:/opt/ros/humble /usr/bin/cmake /home/maryammahmood/own_urdf_control/gazebo_1_sim -DCMAKE_INSTALL_PREFIX=/home/maryammahmood/own_urdf_control/install/gazebo_1_sim
[1.376s] Invoking command in '/home/maryammahmood/own_urdf_control/build/gazebo_1_sim': CMAKE_PREFIX_PATH=${CMAKE_PREFIX_PATH}:/home/maryammahmood/ws_moveit2/install/moveit_configs_utils:/home/maryammahmood/ws_moveit2/install/launch_param_builder:/opt/ros/humble /usr/bin/cmake --build /home/maryammahmood/own_urdf_control/build/gazebo_1_sim -- -j24 -l24
[1.434s] [ 50%] [32mBuilding CXX object CMakeFiles/joint_publisher.dir/src/joint_publisher.cpp.o[0m
[3.997s] [100%] [32m[1mLinking CXX executable joint_publisher[0m
[4.140s] [100%] Built target joint_publisher
[4.154s] Invoked command in '/home/maryammahmood/own_urdf_control/build/gazebo_1_sim' returned '0': CMAKE_PREFIX_PATH=${CMAKE_PREFIX_PATH}:/home/maryammahmood/ws_moveit2/install/moveit_configs_utils:/home/maryammahmood/ws_moveit2/install/launch_param_builder:/opt/ros/humble /usr/bin/cmake --build /home/maryammahmood/own_urdf_control/build/gazebo_1_sim -- -j24 -l24
[4.200s] Invoking command in '/home/maryammahmood/own_urdf_control/build/gazebo_1_sim': CMAKE_PREFIX_PATH=${CMAKE_PREFIX_PATH}:/home/maryammahmood/ws_moveit2/install/moveit_configs_utils:/home/maryammahmood/ws_moveit2/install/launch_param_builder:/opt/ros/humble /usr/bin/cmake --install /home/maryammahmood/own_urdf_control/build/gazebo_1_sim
[4.206s] -- Install configuration: ""
[4.206s] -- Installing: /home/maryammahmood/own_urdf_control/install/gazebo_1_sim/lib/gazebo_1_sim/joint_publisher
[4.207s] -- Set runtime path of "/home/maryammahmood/own_urdf_control/install/gazebo_1_sim/lib/gazebo_1_sim/joint_publisher" to ""
[4.207s] -- Installing: /home/maryammahmood/own_urdf_control/install/gazebo_1_sim/share/gazebo_1_sim/launch
[4.207s] -- Installing: /home/maryammahmood/own_urdf_control/install/gazebo_1_sim/share/gazebo_1_sim/launch/gazebo.launch.py
[4.207s] -- Installing: /home/maryammahmood/own_urdf_control/install/gazebo_1_sim/share/gazebo_1_sim/urdf
[4.207s] -- Installing: /home/maryammahmood/own_urdf_control/install/gazebo_1_sim/share/gazebo_1_sim/urdf/link1_urdf.urdf.xacro
[4.207s] -- Installing: /home/maryammahmood/own_urdf_control/install/gazebo_1_sim/share/gazebo_1_sim/config
[4.207s] -- Installing: /home/maryammahmood/own_urdf_control/install/gazebo_1_sim/share/gazebo_1_sim/config/joint_controller.yaml
[4.207s] -- Installing: /home/maryammahmood/own_urdf_control/install/gazebo_1_sim/share/gazebo_1_sim/meshes
[4.207s] -- Installing: /home/maryammahmood/own_urdf_control/install/gazebo_1_sim/share/gazebo_1_sim/meshes/Link_4.STL
[4.208s] -- Installing: /home/maryammahmood/own_urdf_control/install/gazebo_1_sim/share/gazebo_1_sim/meshes/base_link.STL
[4.210s] -- Installing: /home/maryammahmood/own_urdf_control/install/gazebo_1_sim/share/gazebo_1_sim/meshes/base_claw_link2.STL
[4.210s] -- Installing: /home/maryammahmood/own_urdf_control/install/gazebo_1_sim/share/gazebo_1_sim/meshes/Link_7.STL
[4.210s] -- Installing: /home/maryammahmood/own_urdf_control/install/gazebo_1_sim/share/gazebo_1_sim/meshes/base_claw_link1.STL
[4.210s] -- Installing: /home/maryammahmood/own_urdf_control/install/gazebo_1_sim/share/gazebo_1_sim/meshes/Link_5.STL
[4.210s] -- Installing: /home/maryammahmood/own_urdf_control/install/gazebo_1_sim/share/gazebo_1_sim/meshes/Link_1.STL
[4.211s] -- Installing: /home/maryammahmood/own_urdf_control/install/gazebo_1_sim/share/gazebo_1_sim/meshes/endeffector.STL
[4.211s] -- Installing: /home/maryammahmood/own_urdf_control/install/gazebo_1_sim/share/gazebo_1_sim/meshes/gear2_link.STL
[4.211s] -- Installing: /home/maryammahmood/own_urdf_control/install/gazebo_1_sim/share/gazebo_1_sim/meshes/gear2_claw.STL
[4.211s] -- Installing: /home/maryammahmood/own_urdf_control/install/gazebo_1_sim/share/gazebo_1_sim/meshes/gear1.STL
[4.211s] -- Installing: /home/maryammahmood/own_urdf_control/install/gazebo_1_sim/share/gazebo_1_sim/meshes/Link_3.STL
[4.213s] -- Installing: /home/maryammahmood/own_urdf_control/install/gazebo_1_sim/share/gazebo_1_sim/meshes/link_6.STL
[4.213s] -- Installing: /home/maryammahmood/own_urdf_control/install/gazebo_1_sim/share/gazebo_1_sim/meshes/gear1_claw.STL
[4.213s] -- Installing: /home/maryammahmood/own_urdf_control/install/gazebo_1_sim/share/gazebo_1_sim/meshes/Link_2.STL
[4.214s] -- Installing: /home/maryammahmood/own_urdf_control/install/gazebo_1_sim/share/ament_index/resource_index/package_run_dependencies/gazebo_1_sim
[4.215s] -- Installing: /home/maryammahmood/own_urdf_control/install/gazebo_1_sim/share/ament_index/resource_index/parent_prefix_path/gazebo_1_sim
[4.215s] -- Installing: /home/maryammahmood/own_urdf_control/install/gazebo_1_sim/share/gazebo_1_sim/environment/ament_prefix_path.sh
[4.215s] -- Installing: /home/maryammahmood/own_urdf_control/install/gazebo_1_sim/share/gazebo_1_sim/environment/ament_prefix_path.dsv
[4.215s] -- Installing: /home/maryammahmood/own_urdf_control/install/gazebo_1_sim/share/gazebo_1_sim/environment/path.sh
[4.215s] -- Installing: /home/maryammahmood/own_urdf_control/install/gazebo_1_sim/share/gazebo_1_sim/environment/path.dsv
[4.215s] -- Installing: /home/maryammahmood/own_urdf_control/install/gazebo_1_sim/share/gazebo_1_sim/local_setup.bash
[4.215s] -- Installing: /home/maryammahmood/own_urdf_control/install/gazebo_1_sim/share/gazebo_1_sim/local_setup.sh
[4.215s] -- Installing: /home/maryammahmood/own_urdf_control/install/gazebo_1_sim/share/gazebo_1_sim/local_setup.zsh
[4.215s] -- Installing: /home/maryammahmood/own_urdf_control/install/gazebo_1_sim/share/gazebo_1_sim/local_setup.dsv
[4.215s] -- Installing: /home/maryammahmood/own_urdf_control/install/gazebo_1_sim/share/gazebo_1_sim/package.dsv
[4.215s] -- Installing: /home/maryammahmood/own_urdf_control/install/gazebo_1_sim/share/ament_index/resource_index/packages/gazebo_1_sim
[4.215s] -- Installing: /home/maryammahmood/own_urdf_control/install/gazebo_1_sim/share/gazebo_1_sim/cmake/gazebo_1_simConfig.cmake
[4.215s] -- Installing: /home/maryammahmood/own_urdf_control/install/gazebo_1_sim/share/gazebo_1_sim/cmake/gazebo_1_simConfig-version.cmake
[4.215s] -- Installing: /home/maryammahmood/own_urdf_control/install/gazebo_1_sim/share/gazebo_1_sim/package.xml
[4.216s] Invoked command in '/home/maryammahmood/own_urdf_control/build/gazebo_1_sim' returned '0': CMAKE_PREFIX_PATH=${CMAKE_PREFIX_PATH}:/home/maryammahmood/ws_moveit2/install/moveit_configs_utils:/home/maryammahmood/ws_moveit2/install/launch_param_builder:/opt/ros/humble /usr/bin/cmake --install /home/maryammahmood/own_urdf_control/build/gazebo_1_sim
